{"D:\\Ayu\\Hacktiv8\\Tugas\\phase-3\\Final-project\\server-apollo\\config\\config.js": {"path":"D:\\Ayu\\Hacktiv8\\Tugas\\phase-3\\Final-project\\server-apollo\\config\\config.js","statementMap":{},"fnMap":{},"branchMap":{},"s":{},"f":{},"b":{},"inputSourceMap":null,"_coverageSchema":"1a1c01bbd47fc00a2c39e90264f33305004495a9","hash":"6b35d96999f8b4a7c672723eee7acc99ee6fa7ce"}
,"D:\\Ayu\\Hacktiv8\\Tugas\\phase-3\\Final-project\\server-apollo\\config\\server.mjs": {"path":"D:\\Ayu\\Hacktiv8\\Tugas\\phase-3\\Final-project\\server-apollo\\config\\server.mjs","statementMap":{"0":{"start":{"line":23,"column":2},"end":{"line":76,"column":3}},"1":{"start":{"line":24,"column":16},"end":{"line":24,"column":25}},"2":{"start":{"line":25,"column":23},"end":{"line":25,"column":45}},"3":{"start":{"line":27,"column":19},"end":{"line":45,"column":6}},"4":{"start":{"line":46,"column":4},"end":{"line":46,"column":25}},"5":{"start":{"line":48,"column":4},"end":{"line":65,"column":6}},"6":{"start":{"line":56,"column":10},"end":{"line":62,"column":11}},"7":{"start":{"line":57,"column":37},"end":{"line":57,"column":48}},"8":{"start":{"line":58,"column":12},"end":{"line":58,"column":36}},"9":{"start":{"line":60,"column":12},"end":{"line":60,"column":38}},"10":{"start":{"line":61,"column":12},"end":{"line":61,"column":24}},"11":{"start":{"line":68,"column":4},"end":{"line":68,"column":73}},"12":{"start":{"line":68,"column":35},"end":{"line":68,"column":71}},"13":{"start":{"line":69,"column":16},"end":{"line":69,"column":43}},"14":{"start":{"line":70,"column":4},"end":{"line":73,"column":6}},"15":{"start":{"line":75,"column":4},"end":{"line":75,"column":16}}},"fnMap":{"0":{"name":"initServer","decl":{"start":{"line":22,"column":30},"end":{"line":22,"column":40}},"loc":{"start":{"line":22,"column":54},"end":{"line":77,"column":1}},"line":22},"1":{"name":"(anonymous_1)","decl":{"start":{"line":54,"column":17},"end":{"line":54,"column":18}},"loc":{"start":{"line":54,"column":36},"end":{"line":63,"column":9}},"line":54},"2":{"name":"(anonymous_2)","decl":{"start":{"line":68,"column":22},"end":{"line":68,"column":23}},"loc":{"start":{"line":68,"column":35},"end":{"line":68,"column":71}},"line":68}},"branchMap":{"0":{"loc":{"start":{"line":22,"column":41},"end":{"line":22,"column":52}},"type":"default-arg","locations":[{"start":{"line":22,"column":48},"end":{"line":22,"column":52}}],"line":22}},"s":{"0":6,"1":6,"2":6,"3":6,"4":6,"5":6,"6":56,"7":56,"8":56,"9":0,"10":0,"11":6,"12":6,"13":6,"14":6,"15":0},"f":{"0":6,"1":56,"2":6},"b":{"0":[0]},"inputSourceMap":null,"_coverageSchema":"1a1c01bbd47fc00a2c39e90264f33305004495a9","hash":"e8399b1e2c856a80e53fbedb459abfcba22ea041"}
,"D:\\Ayu\\Hacktiv8\\Tugas\\phase-3\\Final-project\\server-apollo\\data\\data.js": {"path":"D:\\Ayu\\Hacktiv8\\Tugas\\phase-3\\Final-project\\server-apollo\\data\\data.js","statementMap":{},"fnMap":{},"branchMap":{},"s":{},"f":{},"b":{},"inputSourceMap":null,"_coverageSchema":"1a1c01bbd47fc00a2c39e90264f33305004495a9","hash":"2b38b87406d3e331de1fb8b513dd8a928ff71704"}
,"D:\\Ayu\\Hacktiv8\\Tugas\\phase-3\\Final-project\\server-apollo\\helpers\\bcrypt.js": {"path":"D:\\Ayu\\Hacktiv8\\Tugas\\phase-3\\Final-project\\server-apollo\\helpers\\bcrypt.js","statementMap":{"0":{"start":{"line":2,"column":13},"end":{"line":2,"column":35}},"1":{"start":{"line":4,"column":21},"end":{"line":4,"column":66}},"2":{"start":{"line":4,"column":35},"end":{"line":4,"column":66}},"3":{"start":{"line":5,"column":24},"end":{"line":5,"column":90}},"4":{"start":{"line":5,"column":50},"end":{"line":5,"column":90}}},"fnMap":{"0":{"name":"(anonymous_0)","decl":{"start":{"line":4,"column":21},"end":{"line":4,"column":22}},"loc":{"start":{"line":4,"column":35},"end":{"line":4,"column":66}},"line":4},"1":{"name":"(anonymous_1)","decl":{"start":{"line":5,"column":24},"end":{"line":5,"column":25}},"loc":{"start":{"line":5,"column":50},"end":{"line":5,"column":90}},"line":5}},"branchMap":{},"s":{"0":6,"1":6,"2":14,"3":6,"4":2},"f":{"0":14,"1":2},"b":{},"inputSourceMap":null,"_coverageSchema":"1a1c01bbd47fc00a2c39e90264f33305004495a9","hash":"a248b7864fc73337c693c0aa631e3bd2dedb6398"}
,"D:\\Ayu\\Hacktiv8\\Tugas\\phase-3\\Final-project\\server-apollo\\helpers\\imageUpload.js": {"path":"D:\\Ayu\\Hacktiv8\\Tugas\\phase-3\\Final-project\\server-apollo\\helpers\\imageUpload.js","statementMap":{"0":{"start":{"line":3,"column":0},"end":{"line":3,"column":8}},"1":{"start":{"line":6,"column":17},"end":{"line":10,"column":2}}},"fnMap":{},"branchMap":{},"s":{"0":6,"1":6},"f":{},"b":{},"inputSourceMap":null,"_coverageSchema":"1a1c01bbd47fc00a2c39e90264f33305004495a9","hash":"f7a0d3060e40ea636be1b233756062285fb0939a"}
,"D:\\Ayu\\Hacktiv8\\Tugas\\phase-3\\Final-project\\server-apollo\\helpers\\jwt.js": {"path":"D:\\Ayu\\Hacktiv8\\Tugas\\phase-3\\Final-project\\server-apollo\\helpers\\jwt.js","statementMap":{"0":{"start":{"line":2,"column":0},"end":{"line":2,"column":8}},"1":{"start":{"line":4,"column":15},"end":{"line":4,"column":41}},"2":{"start":{"line":6,"column":20},"end":{"line":6,"column":58}},"3":{"start":{"line":6,"column":33},"end":{"line":6,"column":58}},"4":{"start":{"line":7,"column":20},"end":{"line":7,"column":56}},"5":{"start":{"line":7,"column":31},"end":{"line":7,"column":56}}},"fnMap":{"0":{"name":"(anonymous_0)","decl":{"start":{"line":6,"column":20},"end":{"line":6,"column":21}},"loc":{"start":{"line":6,"column":33},"end":{"line":6,"column":58}},"line":6},"1":{"name":"(anonymous_1)","decl":{"start":{"line":7,"column":20},"end":{"line":7,"column":21}},"loc":{"start":{"line":7,"column":31},"end":{"line":7,"column":56}},"line":7}},"branchMap":{},"s":{"0":6,"1":6,"2":6,"3":22,"4":6,"5":32},"f":{"0":22,"1":32},"b":{},"inputSourceMap":null,"_coverageSchema":"1a1c01bbd47fc00a2c39e90264f33305004495a9","hash":"1bb745f8f807ef961539c9be2a86f52f6cc08fe8"}
,"D:\\Ayu\\Hacktiv8\\Tugas\\phase-3\\Final-project\\server-apollo\\helpers\\streamToBuffer.js": {"path":"D:\\Ayu\\Hacktiv8\\Tugas\\phase-3\\Final-project\\server-apollo\\helpers\\streamToBuffer.js","statementMap":{"0":{"start":{"line":2,"column":2},"end":{"line":7,"column":5}},"1":{"start":{"line":3,"column":17},"end":{"line":3,"column":19}},"2":{"start":{"line":4,"column":4},"end":{"line":4,"column":51}},"3":{"start":{"line":4,"column":33},"end":{"line":4,"column":49}},"4":{"start":{"line":5,"column":4},"end":{"line":5,"column":57}},"5":{"start":{"line":5,"column":27},"end":{"line":5,"column":55}},"6":{"start":{"line":6,"column":4},"end":{"line":6,"column":45}},"7":{"start":{"line":6,"column":32},"end":{"line":6,"column":43}}},"fnMap":{"0":{"name":"stream2buffer","decl":{"start":{"line":1,"column":24},"end":{"line":1,"column":37}},"loc":{"start":{"line":1,"column":46},"end":{"line":8,"column":1}},"line":1},"1":{"name":"(anonymous_1)","decl":{"start":{"line":2,"column":21},"end":{"line":2,"column":22}},"loc":{"start":{"line":2,"column":42},"end":{"line":7,"column":3}},"line":2},"2":{"name":"(anonymous_2)","decl":{"start":{"line":4,"column":22},"end":{"line":4,"column":23}},"loc":{"start":{"line":4,"column":33},"end":{"line":4,"column":49}},"line":4},"3":{"name":"(anonymous_3)","decl":{"start":{"line":5,"column":21},"end":{"line":5,"column":22}},"loc":{"start":{"line":5,"column":27},"end":{"line":5,"column":55}},"line":5},"4":{"name":"(anonymous_4)","decl":{"start":{"line":6,"column":23},"end":{"line":6,"column":24}},"loc":{"start":{"line":6,"column":32},"end":{"line":6,"column":43}},"line":6}},"branchMap":{},"s":{"0":1,"1":1,"2":1,"3":14,"4":1,"5":1,"6":1,"7":0},"f":{"0":1,"1":1,"2":14,"3":1,"4":0},"b":{},"inputSourceMap":null,"_coverageSchema":"1a1c01bbd47fc00a2c39e90264f33305004495a9","hash":"9aaa78d9f7d9bc0a56438c086de257ff57dafce0"}
,"D:\\Ayu\\Hacktiv8\\Tugas\\phase-3\\Final-project\\server-apollo\\middlewares\\authentication.js": {"path":"D:\\Ayu\\Hacktiv8\\Tugas\\phase-3\\Final-project\\server-apollo\\middlewares\\authentication.js","statementMap":{"0":{"start":{"line":3,"column":17},"end":{"line":3,"column":22}},"1":{"start":{"line":6,"column":16},"end":{"line":6,"column":34}},"2":{"start":{"line":7,"column":19},"end":{"line":7,"column":50}},"3":{"start":{"line":8,"column":2},"end":{"line":8,"column":48}},"4":{"start":{"line":8,"column":17},"end":{"line":8,"column":48}},"5":{"start":{"line":9,"column":15},"end":{"line":12,"column":3}},"6":{"start":{"line":13,"column":2},"end":{"line":13,"column":14}}},"fnMap":{"0":{"name":"authentication","decl":{"start":{"line":5,"column":15},"end":{"line":5,"column":29}},"loc":{"start":{"line":5,"column":37},"end":{"line":14,"column":1}},"line":5}},"branchMap":{"0":{"loc":{"start":{"line":8,"column":2},"end":{"line":8,"column":48}},"type":"if","locations":[{"start":{"line":8,"column":2},"end":{"line":8,"column":48}},{"start":{},"end":{}}],"line":8}},"s":{"0":6,"1":32,"2":21,"3":21,"4":0,"5":21,"6":21},"f":{"0":32},"b":{"0":[0,21]},"inputSourceMap":null,"_coverageSchema":"1a1c01bbd47fc00a2c39e90264f33305004495a9","hash":"1f8f8ce7b393bbf67da158da16890427142cfb44"}
,"D:\\Ayu\\Hacktiv8\\Tugas\\phase-3\\Final-project\\server-apollo\\models\\comment.js": {"path":"D:\\Ayu\\Hacktiv8\\Tugas\\phase-3\\Final-project\\server-apollo\\models\\comment.js","statementMap":{"0":{"start":{"line":12,"column":6},"end":{"line":12,"column":63}},"1":{"start":{"line":13,"column":6},"end":{"line":13,"column":67}},"2":{"start":{"line":16,"column":2},"end":{"line":44,"column":4}},"3":{"start":{"line":45,"column":2},"end":{"line":45,"column":17}}},"fnMap":{"0":{"name":"(anonymous_0)","decl":{"start":{"line":3,"column":15},"end":{"line":3,"column":16}},"loc":{"start":{"line":3,"column":41},"end":{"line":46,"column":1}},"line":3},"1":{"name":"(anonymous_1)","decl":{"start":{"line":10,"column":4},"end":{"line":10,"column":5}},"loc":{"start":{"line":10,"column":29},"end":{"line":14,"column":5}},"line":10}},"branchMap":{},"s":{"0":6,"1":6,"2":6,"3":6},"f":{"0":6,"1":6},"b":{},"inputSourceMap":null,"_coverageSchema":"1a1c01bbd47fc00a2c39e90264f33305004495a9","hash":"fd475106746596129460f16a03a8b696dd169255"}
,"D:\\Ayu\\Hacktiv8\\Tugas\\phase-3\\Final-project\\server-apollo\\models\\favorite.js": {"path":"D:\\Ayu\\Hacktiv8\\Tugas\\phase-3\\Final-project\\server-apollo\\models\\favorite.js","statementMap":{"0":{"start":{"line":12,"column":6},"end":{"line":12,"column":64}},"1":{"start":{"line":13,"column":6},"end":{"line":13,"column":68}},"2":{"start":{"line":16,"column":2},"end":{"line":31,"column":4}},"3":{"start":{"line":32,"column":2},"end":{"line":32,"column":18}}},"fnMap":{"0":{"name":"(anonymous_0)","decl":{"start":{"line":3,"column":15},"end":{"line":3,"column":16}},"loc":{"start":{"line":3,"column":41},"end":{"line":33,"column":1}},"line":3},"1":{"name":"(anonymous_1)","decl":{"start":{"line":10,"column":4},"end":{"line":10,"column":5}},"loc":{"start":{"line":10,"column":29},"end":{"line":14,"column":5}},"line":10}},"branchMap":{},"s":{"0":6,"1":6,"2":6,"3":6},"f":{"0":6,"1":6},"b":{},"inputSourceMap":null,"_coverageSchema":"1a1c01bbd47fc00a2c39e90264f33305004495a9","hash":"b92e2d2dedac8bb5faa72c990b3e872a5bb16357"}
,"D:\\Ayu\\Hacktiv8\\Tugas\\phase-3\\Final-project\\server-apollo\\models\\index.js": {"path":"D:\\Ayu\\Hacktiv8\\Tugas\\phase-3\\Final-project\\server-apollo\\models\\index.js","statementMap":{"0":{"start":{"line":3,"column":12},"end":{"line":3,"column":49}},"1":{"start":{"line":12,"column":15},"end":{"line":12,"column":34}},"2":{"start":{"line":13,"column":11},"end":{"line":13,"column":13}},"3":{"start":{"line":16,"column":0},"end":{"line":20,"column":1}},"4":{"start":{"line":17,"column":2},"end":{"line":17,"column":74}},"5":{"start":{"line":19,"column":2},"end":{"line":19,"column":87}},"6":{"start":{"line":22,"column":21},"end":{"line":22,"column":60}},"7":{"start":{"line":23,"column":18},"end":{"line":23,"column":54}},"8":{"start":{"line":24,"column":18},"end":{"line":24,"column":54}},"9":{"start":{"line":25,"column":20},"end":{"line":25,"column":58}},"10":{"start":{"line":26,"column":22},"end":{"line":26,"column":62}},"11":{"start":{"line":27,"column":24},"end":{"line":27,"column":66}},"12":{"start":{"line":28,"column":22},"end":{"line":28,"column":62}},"13":{"start":{"line":29,"column":0},"end":{"line":29,"column":36}},"14":{"start":{"line":30,"column":0},"end":{"line":30,"column":30}},"15":{"start":{"line":31,"column":0},"end":{"line":31,"column":30}},"16":{"start":{"line":32,"column":0},"end":{"line":32,"column":34}},"17":{"start":{"line":33,"column":0},"end":{"line":33,"column":38}},"18":{"start":{"line":34,"column":0},"end":{"line":34,"column":42}},"19":{"start":{"line":35,"column":0},"end":{"line":35,"column":38}},"20":{"start":{"line":37,"column":0},"end":{"line":41,"column":3}},"21":{"start":{"line":38,"column":2},"end":{"line":40,"column":3}},"22":{"start":{"line":39,"column":4},"end":{"line":39,"column":32}},"23":{"start":{"line":43,"column":0},"end":{"line":43,"column":25}},"24":{"start":{"line":44,"column":0},"end":{"line":44,"column":25}}},"fnMap":{"0":{"name":"(anonymous_0)","decl":{"start":{"line":37,"column":24},"end":{"line":37,"column":25}},"loc":{"start":{"line":37,"column":37},"end":{"line":41,"column":1}},"line":37}},"branchMap":{"0":{"loc":{"start":{"line":3,"column":12},"end":{"line":3,"column":49}},"type":"binary-expr","locations":[{"start":{"line":3,"column":12},"end":{"line":3,"column":32}},{"start":{"line":3,"column":36},"end":{"line":3,"column":49}}],"line":3},"1":{"loc":{"start":{"line":16,"column":0},"end":{"line":20,"column":1}},"type":"if","locations":[{"start":{"line":16,"column":0},"end":{"line":20,"column":1}},{"start":{"line":18,"column":7},"end":{"line":20,"column":1}}],"line":16},"2":{"loc":{"start":{"line":38,"column":2},"end":{"line":40,"column":3}},"type":"if","locations":[{"start":{"line":38,"column":2},"end":{"line":40,"column":3}},{"start":{},"end":{}}],"line":38}},"s":{"0":6,"1":6,"2":6,"3":6,"4":0,"5":6,"6":6,"7":6,"8":6,"9":6,"10":6,"11":6,"12":6,"13":6,"14":6,"15":6,"16":6,"17":6,"18":6,"19":6,"20":6,"21":42,"22":42,"23":6,"24":6},"f":{"0":42},"b":{"0":[6,0],"1":[0,6],"2":[42,0]},"inputSourceMap":null,"_coverageSchema":"1a1c01bbd47fc00a2c39e90264f33305004495a9","hash":"9293cb0e7c1492037afa1cec15d89a715493bb5d"}
,"D:\\Ayu\\Hacktiv8\\Tugas\\phase-3\\Final-project\\server-apollo\\models\\ingredient.js": {"path":"D:\\Ayu\\Hacktiv8\\Tugas\\phase-3\\Final-project\\server-apollo\\models\\ingredient.js","statementMap":{"0":{"start":{"line":12,"column":6},"end":{"line":12,"column":70}},"1":{"start":{"line":15,"column":2},"end":{"line":30,"column":4}},"2":{"start":{"line":31,"column":2},"end":{"line":31,"column":20}}},"fnMap":{"0":{"name":"(anonymous_0)","decl":{"start":{"line":3,"column":15},"end":{"line":3,"column":16}},"loc":{"start":{"line":3,"column":41},"end":{"line":32,"column":1}},"line":3},"1":{"name":"(anonymous_1)","decl":{"start":{"line":10,"column":4},"end":{"line":10,"column":5}},"loc":{"start":{"line":10,"column":29},"end":{"line":13,"column":5}},"line":10}},"branchMap":{},"s":{"0":6,"1":6,"2":6},"f":{"0":6,"1":6},"b":{},"inputSourceMap":null,"_coverageSchema":"1a1c01bbd47fc00a2c39e90264f33305004495a9","hash":"b88f5bf4a2f095827f7f7802e6d9922793ab2fd4"}
,"D:\\Ayu\\Hacktiv8\\Tugas\\phase-3\\Final-project\\server-apollo\\models\\reaction.js": {"path":"D:\\Ayu\\Hacktiv8\\Tugas\\phase-3\\Final-project\\server-apollo\\models\\reaction.js","statementMap":{"0":{"start":{"line":12,"column":6},"end":{"line":12,"column":64}},"1":{"start":{"line":13,"column":6},"end":{"line":13,"column":68}},"2":{"start":{"line":16,"column":2},"end":{"line":33,"column":4}},"3":{"start":{"line":34,"column":2},"end":{"line":34,"column":18}}},"fnMap":{"0":{"name":"(anonymous_0)","decl":{"start":{"line":3,"column":15},"end":{"line":3,"column":16}},"loc":{"start":{"line":3,"column":41},"end":{"line":35,"column":1}},"line":3},"1":{"name":"(anonymous_1)","decl":{"start":{"line":10,"column":4},"end":{"line":10,"column":5}},"loc":{"start":{"line":10,"column":29},"end":{"line":14,"column":5}},"line":10}},"branchMap":{},"s":{"0":6,"1":6,"2":6,"3":6},"f":{"0":6,"1":6},"b":{},"inputSourceMap":null,"_coverageSchema":"1a1c01bbd47fc00a2c39e90264f33305004495a9","hash":"b03a88eb518f8531540bd5315b8be03ba571d00d"}
,"D:\\Ayu\\Hacktiv8\\Tugas\\phase-3\\Final-project\\server-apollo\\models\\recipe.js": {"path":"D:\\Ayu\\Hacktiv8\\Tugas\\phase-3\\Final-project\\server-apollo\\models\\recipe.js","statementMap":{"0":{"start":{"line":12,"column":6},"end":{"line":12,"column":62}},"1":{"start":{"line":13,"column":6},"end":{"line":13,"column":66}},"2":{"start":{"line":14,"column":6},"end":{"line":14,"column":66}},"3":{"start":{"line":15,"column":6},"end":{"line":15,"column":65}},"4":{"start":{"line":16,"column":6},"end":{"line":16,"column":62}},"5":{"start":{"line":17,"column":6},"end":{"line":17,"column":68}},"6":{"start":{"line":20,"column":2},"end":{"line":52,"column":4}},"7":{"start":{"line":53,"column":2},"end":{"line":53,"column":16}}},"fnMap":{"0":{"name":"(anonymous_0)","decl":{"start":{"line":3,"column":15},"end":{"line":3,"column":16}},"loc":{"start":{"line":3,"column":41},"end":{"line":54,"column":1}},"line":3},"1":{"name":"(anonymous_1)","decl":{"start":{"line":10,"column":4},"end":{"line":10,"column":5}},"loc":{"start":{"line":10,"column":29},"end":{"line":18,"column":5}},"line":10}},"branchMap":{},"s":{"0":6,"1":6,"2":6,"3":6,"4":6,"5":6,"6":6,"7":6},"f":{"0":6,"1":6},"b":{},"inputSourceMap":null,"_coverageSchema":"1a1c01bbd47fc00a2c39e90264f33305004495a9","hash":"df0cabdf59243bcc2769992f9c7244eb3b36fa7c"}
,"D:\\Ayu\\Hacktiv8\\Tugas\\phase-3\\Final-project\\server-apollo\\models\\step.js": {"path":"D:\\Ayu\\Hacktiv8\\Tugas\\phase-3\\Final-project\\server-apollo\\models\\step.js","statementMap":{"0":{"start":{"line":12,"column":6},"end":{"line":12,"column":64}},"1":{"start":{"line":15,"column":2},"end":{"line":31,"column":4}},"2":{"start":{"line":32,"column":2},"end":{"line":32,"column":14}}},"fnMap":{"0":{"name":"(anonymous_0)","decl":{"start":{"line":3,"column":15},"end":{"line":3,"column":16}},"loc":{"start":{"line":3,"column":41},"end":{"line":33,"column":1}},"line":3},"1":{"name":"(anonymous_1)","decl":{"start":{"line":10,"column":4},"end":{"line":10,"column":5}},"loc":{"start":{"line":10,"column":29},"end":{"line":13,"column":5}},"line":10}},"branchMap":{},"s":{"0":6,"1":6,"2":6},"f":{"0":6,"1":6},"b":{},"inputSourceMap":null,"_coverageSchema":"1a1c01bbd47fc00a2c39e90264f33305004495a9","hash":"8ba115ee326fbe82c863ddd9a9f4098a42f97481"}
,"D:\\Ayu\\Hacktiv8\\Tugas\\phase-3\\Final-project\\server-apollo\\models\\user.js": {"path":"D:\\Ayu\\Hacktiv8\\Tugas\\phase-3\\Final-project\\server-apollo\\models\\user.js","statementMap":{"0":{"start":{"line":13,"column":6},"end":{"line":13,"column":60}},"1":{"start":{"line":14,"column":6},"end":{"line":14,"column":61}},"2":{"start":{"line":15,"column":6},"end":{"line":15,"column":62}},"3":{"start":{"line":16,"column":6},"end":{"line":16,"column":62}},"4":{"start":{"line":19,"column":2},"end":{"line":73,"column":4}},"5":{"start":{"line":69,"column":10},"end":{"line":69,"column":60}},"6":{"start":{"line":74,"column":2},"end":{"line":74,"column":14}}},"fnMap":{"0":{"name":"(anonymous_0)","decl":{"start":{"line":4,"column":15},"end":{"line":4,"column":16}},"loc":{"start":{"line":4,"column":41},"end":{"line":75,"column":1}},"line":4},"1":{"name":"(anonymous_1)","decl":{"start":{"line":11,"column":4},"end":{"line":11,"column":5}},"loc":{"start":{"line":11,"column":29},"end":{"line":17,"column":5}},"line":11},"2":{"name":"(anonymous_2)","decl":{"start":{"line":68,"column":22},"end":{"line":68,"column":23}},"loc":{"start":{"line":68,"column":35},"end":{"line":70,"column":9}},"line":68}},"branchMap":{},"s":{"0":6,"1":6,"2":6,"3":6,"4":6,"5":14,"6":6},"f":{"0":6,"1":6,"2":14},"b":{},"inputSourceMap":null,"_coverageSchema":"1a1c01bbd47fc00a2c39e90264f33305004495a9","hash":"86736b18e213065888c5845c36f32b9e0577b8bf"}
,"D:\\Ayu\\Hacktiv8\\Tugas\\phase-3\\Final-project\\server-apollo\\schema\\commentSchema.mjs": {"path":"D:\\Ayu\\Hacktiv8\\Tugas\\phase-3\\Final-project\\server-apollo\\schema\\commentSchema.mjs","statementMap":{"0":{"start":{"line":2,"column":0},"end":{"line":4,"column":1}},"1":{"start":{"line":3,"column":2},"end":{"line":3,"column":11}},"2":{"start":{"line":18,"column":4},"end":{"line":18,"column":9}},"3":{"start":{"line":24,"column":31},"end":{"line":39,"column":1}},"4":{"start":{"line":41,"column":32},"end":{"line":95,"column":1}},"5":{"start":{"line":48,"column":6},"end":{"line":68,"column":7}},"6":{"start":{"line":49,"column":8},"end":{"line":49,"column":71}},"7":{"start":{"line":49,"column":40},"end":{"line":49,"column":71}},"8":{"start":{"line":51,"column":21},"end":{"line":51,"column":68}},"9":{"start":{"line":53,"column":50},"end":{"line":53,"column":54}},"10":{"start":{"line":55,"column":24},"end":{"line":59,"column":9}},"11":{"start":{"line":61,"column":27},"end":{"line":61,"column":56}},"12":{"start":{"line":63,"column":24},"end":{"line":63,"column":74}},"13":{"start":{"line":64,"column":8},"end":{"line":64,"column":27}},"14":{"start":{"line":66,"column":8},"end":{"line":66,"column":27}},"15":{"start":{"line":67,"column":8},"end":{"line":67,"column":20}},"16":{"start":{"line":72,"column":6},"end":{"line":92,"column":7}},"17":{"start":{"line":73,"column":8},"end":{"line":73,"column":71}},"18":{"start":{"line":73,"column":40},"end":{"line":73,"column":71}},"19":{"start":{"line":75,"column":21},"end":{"line":75,"column":68}},"20":{"start":{"line":77,"column":30},"end":{"line":77,"column":34}},"21":{"start":{"line":79,"column":28},"end":{"line":79,"column":61}},"22":{"start":{"line":81,"column":8},"end":{"line":81,"column":53}},"23":{"start":{"line":81,"column":26},"end":{"line":81,"column":53}},"24":{"start":{"line":83,"column":8},"end":{"line":83,"column":76}},"25":{"start":{"line":83,"column":43},"end":{"line":83,"column":76}},"26":{"start":{"line":85,"column":27},"end":{"line":85,"column":78}},"27":{"start":{"line":87,"column":24},"end":{"line":87,"column":79}},"28":{"start":{"line":88,"column":8},"end":{"line":88,"column":27}},"29":{"start":{"line":90,"column":8},"end":{"line":90,"column":27}},"30":{"start":{"line":91,"column":8},"end":{"line":91,"column":20}}},"fnMap":{"0":{"name":"(anonymous_0)","decl":{"start":{"line":47,"column":19},"end":{"line":47,"column":20}},"loc":{"start":{"line":47,"column":52},"end":{"line":69,"column":5}},"line":47},"1":{"name":"(anonymous_1)","decl":{"start":{"line":71,"column":19},"end":{"line":71,"column":20}},"loc":{"start":{"line":71,"column":52},"end":{"line":93,"column":5}},"line":71}},"branchMap":{"0":{"loc":{"start":{"line":2,"column":0},"end":{"line":4,"column":1}},"type":"if","locations":[{"start":{"line":2,"column":0},"end":{"line":4,"column":1}},{"start":{},"end":{}}],"line":2},"1":{"loc":{"start":{"line":49,"column":8},"end":{"line":49,"column":71}},"type":"if","locations":[{"start":{"line":49,"column":8},"end":{"line":49,"column":71}},{"start":{},"end":{}}],"line":49},"2":{"loc":{"start":{"line":73,"column":8},"end":{"line":73,"column":71}},"type":"if","locations":[{"start":{"line":73,"column":8},"end":{"line":73,"column":71}},{"start":{},"end":{}}],"line":73},"3":{"loc":{"start":{"line":81,"column":8},"end":{"line":81,"column":53}},"type":"if","locations":[{"start":{"line":81,"column":8},"end":{"line":81,"column":53}},{"start":{},"end":{}}],"line":81},"4":{"loc":{"start":{"line":83,"column":8},"end":{"line":83,"column":76}},"type":"if","locations":[{"start":{"line":83,"column":8},"end":{"line":83,"column":76}},{"start":{},"end":{}}],"line":83}},"s":{"0":6,"1":6,"2":6,"3":6,"4":6,"5":3,"6":3,"7":1,"8":2,"9":1,"10":1,"11":1,"12":1,"13":1,"14":2,"15":2,"16":5,"17":5,"18":1,"19":4,"20":3,"21":3,"22":3,"23":1,"24":2,"25":1,"26":1,"27":1,"28":1,"29":4,"30":4},"f":{"0":3,"1":5},"b":{"0":[6,0],"1":[1,2],"2":[1,4],"3":[1,2],"4":[1,1]},"inputSourceMap":null,"_coverageSchema":"1a1c01bbd47fc00a2c39e90264f33305004495a9","hash":"5f6f124c4db9bd621e74db55560dad5bd4a09d65"}
,"D:\\Ayu\\Hacktiv8\\Tugas\\phase-3\\Final-project\\server-apollo\\schema\\favoriteSchema.mjs": {"path":"D:\\Ayu\\Hacktiv8\\Tugas\\phase-3\\Final-project\\server-apollo\\schema\\favoriteSchema.mjs","statementMap":{"0":{"start":{"line":2,"column":0},"end":{"line":4,"column":1}},"1":{"start":{"line":3,"column":2},"end":{"line":3,"column":11}},"2":{"start":{"line":18,"column":4},"end":{"line":18,"column":9}},"3":{"start":{"line":24,"column":32},"end":{"line":63,"column":1}},"4":{"start":{"line":65,"column":33},"end":{"line":164,"column":1}},"5":{"start":{"line":69,"column":6},"end":{"line":89,"column":7}},"6":{"start":{"line":70,"column":8},"end":{"line":70,"column":71}},"7":{"start":{"line":70,"column":40},"end":{"line":70,"column":71}},"8":{"start":{"line":72,"column":21},"end":{"line":72,"column":68}},"9":{"start":{"line":74,"column":26},"end":{"line":83,"column":10}},"10":{"start":{"line":85,"column":8},"end":{"line":85,"column":25}},"11":{"start":{"line":87,"column":8},"end":{"line":87,"column":27}},"12":{"start":{"line":88,"column":8},"end":{"line":88,"column":20}},"13":{"start":{"line":93,"column":6},"end":{"line":112,"column":7}},"14":{"start":{"line":94,"column":8},"end":{"line":94,"column":71}},"15":{"start":{"line":94,"column":40},"end":{"line":94,"column":71}},"16":{"start":{"line":96,"column":21},"end":{"line":96,"column":68}},"17":{"start":{"line":98,"column":29},"end":{"line":98,"column":33}},"18":{"start":{"line":100,"column":27},"end":{"line":100,"column":58}},"19":{"start":{"line":102,"column":8},"end":{"line":102,"column":52}},"20":{"start":{"line":102,"column":25},"end":{"line":102,"column":52}},"21":{"start":{"line":104,"column":8},"end":{"line":108,"column":9}},"22":{"start":{"line":105,"column":10},"end":{"line":105,"column":22}},"23":{"start":{"line":106,"column":15},"end":{"line":108,"column":9}},"24":{"start":{"line":107,"column":10},"end":{"line":107,"column":23}},"25":{"start":{"line":110,"column":8},"end":{"line":110,"column":27}},"26":{"start":{"line":111,"column":8},"end":{"line":111,"column":20}},"27":{"start":{"line":119,"column":6},"end":{"line":136,"column":7}},"28":{"start":{"line":120,"column":8},"end":{"line":120,"column":71}},"29":{"start":{"line":120,"column":40},"end":{"line":120,"column":71}},"30":{"start":{"line":122,"column":21},"end":{"line":122,"column":68}},"31":{"start":{"line":124,"column":29},"end":{"line":124,"column":33}},"32":{"start":{"line":125,"column":25},"end":{"line":128,"column":9}},"33":{"start":{"line":129,"column":28},"end":{"line":129,"column":59}},"34":{"start":{"line":131,"column":24},"end":{"line":131,"column":84}},"35":{"start":{"line":132,"column":8},"end":{"line":132,"column":27}},"36":{"start":{"line":134,"column":8},"end":{"line":134,"column":27}},"37":{"start":{"line":135,"column":8},"end":{"line":135,"column":20}},"38":{"start":{"line":140,"column":6},"end":{"line":161,"column":7}},"39":{"start":{"line":141,"column":8},"end":{"line":141,"column":71}},"40":{"start":{"line":141,"column":40},"end":{"line":141,"column":71}},"41":{"start":{"line":143,"column":21},"end":{"line":143,"column":68}},"42":{"start":{"line":145,"column":31},"end":{"line":145,"column":35}},"43":{"start":{"line":146,"column":29},"end":{"line":146,"column":64}},"44":{"start":{"line":148,"column":8},"end":{"line":148,"column":54}},"45":{"start":{"line":148,"column":27},"end":{"line":148,"column":54}},"46":{"start":{"line":150,"column":8},"end":{"line":150,"column":77}},"47":{"start":{"line":150,"column":44},"end":{"line":150,"column":77}},"48":{"start":{"line":152,"column":28},"end":{"line":154,"column":10}},"49":{"start":{"line":156,"column":24},"end":{"line":156,"column":81}},"50":{"start":{"line":157,"column":8},"end":{"line":157,"column":27}},"51":{"start":{"line":159,"column":8},"end":{"line":159,"column":27}},"52":{"start":{"line":160,"column":8},"end":{"line":160,"column":20}}},"fnMap":{"0":{"name":"(anonymous_0)","decl":{"start":{"line":68,"column":18},"end":{"line":68,"column":19}},"loc":{"start":{"line":68,"column":51},"end":{"line":90,"column":5}},"line":68},"1":{"name":"(anonymous_1)","decl":{"start":{"line":92,"column":16},"end":{"line":92,"column":17}},"loc":{"start":{"line":92,"column":49},"end":{"line":113,"column":5}},"line":92},"2":{"name":"(anonymous_2)","decl":{"start":{"line":118,"column":20},"end":{"line":118,"column":21}},"loc":{"start":{"line":118,"column":53},"end":{"line":137,"column":5}},"line":118},"3":{"name":"(anonymous_3)","decl":{"start":{"line":139,"column":20},"end":{"line":139,"column":21}},"loc":{"start":{"line":139,"column":53},"end":{"line":162,"column":5}},"line":139}},"branchMap":{"0":{"loc":{"start":{"line":2,"column":0},"end":{"line":4,"column":1}},"type":"if","locations":[{"start":{"line":2,"column":0},"end":{"line":4,"column":1}},{"start":{},"end":{}}],"line":2},"1":{"loc":{"start":{"line":70,"column":8},"end":{"line":70,"column":71}},"type":"if","locations":[{"start":{"line":70,"column":8},"end":{"line":70,"column":71}},{"start":{},"end":{}}],"line":70},"2":{"loc":{"start":{"line":94,"column":8},"end":{"line":94,"column":71}},"type":"if","locations":[{"start":{"line":94,"column":8},"end":{"line":94,"column":71}},{"start":{},"end":{}}],"line":94},"3":{"loc":{"start":{"line":102,"column":8},"end":{"line":102,"column":52}},"type":"if","locations":[{"start":{"line":102,"column":8},"end":{"line":102,"column":52}},{"start":{},"end":{}}],"line":102},"4":{"loc":{"start":{"line":104,"column":8},"end":{"line":108,"column":9}},"type":"if","locations":[{"start":{"line":104,"column":8},"end":{"line":108,"column":9}},{"start":{"line":106,"column":15},"end":{"line":108,"column":9}}],"line":104},"5":{"loc":{"start":{"line":106,"column":15},"end":{"line":108,"column":9}},"type":"if","locations":[{"start":{"line":106,"column":15},"end":{"line":108,"column":9}},{"start":{},"end":{}}],"line":106},"6":{"loc":{"start":{"line":120,"column":8},"end":{"line":120,"column":71}},"type":"if","locations":[{"start":{"line":120,"column":8},"end":{"line":120,"column":71}},{"start":{},"end":{}}],"line":120},"7":{"loc":{"start":{"line":141,"column":8},"end":{"line":141,"column":71}},"type":"if","locations":[{"start":{"line":141,"column":8},"end":{"line":141,"column":71}},{"start":{},"end":{}}],"line":141},"8":{"loc":{"start":{"line":148,"column":8},"end":{"line":148,"column":54}},"type":"if","locations":[{"start":{"line":148,"column":8},"end":{"line":148,"column":54}},{"start":{},"end":{}}],"line":148},"9":{"loc":{"start":{"line":150,"column":8},"end":{"line":150,"column":77}},"type":"if","locations":[{"start":{"line":150,"column":8},"end":{"line":150,"column":77}},{"start":{},"end":{}}],"line":150}},"s":{"0":6,"1":6,"2":6,"3":6,"4":6,"5":3,"6":3,"7":1,"8":2,"9":1,"10":1,"11":2,"12":2,"13":5,"14":5,"15":1,"16":4,"17":3,"18":3,"19":3,"20":1,"21":2,"22":1,"23":1,"24":1,"25":3,"26":3,"27":3,"28":3,"29":1,"30":2,"31":1,"32":1,"33":1,"34":1,"35":1,"36":2,"37":2,"38":5,"39":5,"40":1,"41":4,"42":3,"43":3,"44":3,"45":1,"46":2,"47":1,"48":1,"49":1,"50":1,"51":4,"52":4},"f":{"0":3,"1":5,"2":3,"3":5},"b":{"0":[6,0],"1":[1,2],"2":[1,4],"3":[1,2],"4":[1,1],"5":[1,0],"6":[1,2],"7":[1,4],"8":[1,2],"9":[1,1]},"inputSourceMap":null,"_coverageSchema":"1a1c01bbd47fc00a2c39e90264f33305004495a9","hash":"3000ad4ee9a575c31592704efa7466f15a74d58e"}
,"D:\\Ayu\\Hacktiv8\\Tugas\\phase-3\\Final-project\\server-apollo\\schema\\reactionSchema.mjs": {"path":"D:\\Ayu\\Hacktiv8\\Tugas\\phase-3\\Final-project\\server-apollo\\schema\\reactionSchema.mjs","statementMap":{"0":{"start":{"line":2,"column":0},"end":{"line":4,"column":1}},"1":{"start":{"line":3,"column":2},"end":{"line":3,"column":11}},"2":{"start":{"line":18,"column":4},"end":{"line":18,"column":9}},"3":{"start":{"line":24,"column":32},"end":{"line":31,"column":1}},"4":{"start":{"line":33,"column":33},"end":{"line":90,"column":1}},"5":{"start":{"line":40,"column":6},"end":{"line":61,"column":7}},"6":{"start":{"line":41,"column":8},"end":{"line":41,"column":71}},"7":{"start":{"line":41,"column":40},"end":{"line":41,"column":71}},"8":{"start":{"line":43,"column":21},"end":{"line":43,"column":68}},"9":{"start":{"line":45,"column":46},"end":{"line":45,"column":50}},"10":{"start":{"line":47,"column":25},"end":{"line":52,"column":9}},"11":{"start":{"line":54,"column":28},"end":{"line":54,"column":59}},"12":{"start":{"line":56,"column":24},"end":{"line":56,"column":80}},"13":{"start":{"line":57,"column":8},"end":{"line":57,"column":27}},"14":{"start":{"line":59,"column":8},"end":{"line":59,"column":27}},"15":{"start":{"line":60,"column":8},"end":{"line":60,"column":20}},"16":{"start":{"line":65,"column":6},"end":{"line":87,"column":7}},"17":{"start":{"line":66,"column":8},"end":{"line":66,"column":71}},"18":{"start":{"line":66,"column":40},"end":{"line":66,"column":71}},"19":{"start":{"line":68,"column":21},"end":{"line":68,"column":68}},"20":{"start":{"line":70,"column":31},"end":{"line":70,"column":35}},"21":{"start":{"line":72,"column":29},"end":{"line":72,"column":64}},"22":{"start":{"line":74,"column":8},"end":{"line":74,"column":54}},"23":{"start":{"line":74,"column":27},"end":{"line":74,"column":54}},"24":{"start":{"line":76,"column":8},"end":{"line":76,"column":77}},"25":{"start":{"line":76,"column":44},"end":{"line":76,"column":77}},"26":{"start":{"line":78,"column":28},"end":{"line":80,"column":10}},"27":{"start":{"line":82,"column":24},"end":{"line":82,"column":81}},"28":{"start":{"line":83,"column":8},"end":{"line":83,"column":27}},"29":{"start":{"line":85,"column":8},"end":{"line":85,"column":27}},"30":{"start":{"line":86,"column":8},"end":{"line":86,"column":20}}},"fnMap":{"0":{"name":"(anonymous_0)","decl":{"start":{"line":39,"column":20},"end":{"line":39,"column":21}},"loc":{"start":{"line":39,"column":53},"end":{"line":62,"column":5}},"line":39},"1":{"name":"(anonymous_1)","decl":{"start":{"line":64,"column":20},"end":{"line":64,"column":21}},"loc":{"start":{"line":64,"column":53},"end":{"line":88,"column":5}},"line":64}},"branchMap":{"0":{"loc":{"start":{"line":2,"column":0},"end":{"line":4,"column":1}},"type":"if","locations":[{"start":{"line":2,"column":0},"end":{"line":4,"column":1}},{"start":{},"end":{}}],"line":2},"1":{"loc":{"start":{"line":41,"column":8},"end":{"line":41,"column":71}},"type":"if","locations":[{"start":{"line":41,"column":8},"end":{"line":41,"column":71}},{"start":{},"end":{}}],"line":41},"2":{"loc":{"start":{"line":66,"column":8},"end":{"line":66,"column":71}},"type":"if","locations":[{"start":{"line":66,"column":8},"end":{"line":66,"column":71}},{"start":{},"end":{}}],"line":66},"3":{"loc":{"start":{"line":74,"column":8},"end":{"line":74,"column":54}},"type":"if","locations":[{"start":{"line":74,"column":8},"end":{"line":74,"column":54}},{"start":{},"end":{}}],"line":74},"4":{"loc":{"start":{"line":76,"column":8},"end":{"line":76,"column":77}},"type":"if","locations":[{"start":{"line":76,"column":8},"end":{"line":76,"column":77}},{"start":{},"end":{}}],"line":76}},"s":{"0":6,"1":6,"2":6,"3":6,"4":6,"5":3,"6":3,"7":1,"8":2,"9":1,"10":1,"11":1,"12":1,"13":1,"14":2,"15":2,"16":5,"17":5,"18":1,"19":4,"20":3,"21":3,"22":3,"23":1,"24":2,"25":1,"26":1,"27":1,"28":1,"29":4,"30":4},"f":{"0":3,"1":5},"b":{"0":[6,0],"1":[1,2],"2":[1,4],"3":[1,2],"4":[1,1]},"inputSourceMap":null,"_coverageSchema":"1a1c01bbd47fc00a2c39e90264f33305004495a9","hash":"cf98eba1b8d4150bbaa6d7f1f50b5d8463904550"}
,"D:\\Ayu\\Hacktiv8\\Tugas\\phase-3\\Final-project\\server-apollo\\schema\\recipeSchema.mjs": {"path":"D:\\Ayu\\Hacktiv8\\Tugas\\phase-3\\Final-project\\server-apollo\\schema\\recipeSchema.mjs","statementMap":{"0":{"start":{"line":2,"column":0},"end":{"line":4,"column":1}},"1":{"start":{"line":3,"column":2},"end":{"line":3,"column":11}},"2":{"start":{"line":18,"column":4},"end":{"line":18,"column":9}},"3":{"start":{"line":24,"column":30},"end":{"line":165,"column":1}},"4":{"start":{"line":167,"column":31},"end":{"line":359,"column":1}},"5":{"start":{"line":171,"column":6},"end":{"line":184,"column":7}},"6":{"start":{"line":172,"column":26},"end":{"line":172,"column":30}},"7":{"start":{"line":173,"column":23},"end":{"line":179,"column":10}},"8":{"start":{"line":180,"column":8},"end":{"line":180,"column":22}},"9":{"start":{"line":183,"column":8},"end":{"line":183,"column":20}},"10":{"start":{"line":187,"column":6},"end":{"line":199,"column":7}},"11":{"start":{"line":188,"column":26},"end":{"line":194,"column":10}},"12":{"start":{"line":195,"column":8},"end":{"line":195,"column":25}},"13":{"start":{"line":198,"column":8},"end":{"line":198,"column":21}},"14":{"start":{"line":202,"column":6},"end":{"line":225,"column":7}},"15":{"start":{"line":203,"column":33},"end":{"line":203,"column":37}},"16":{"start":{"line":204,"column":27},"end":{"line":215,"column":10}},"17":{"start":{"line":216,"column":8},"end":{"line":216,"column":52}},"18":{"start":{"line":216,"column":25},"end":{"line":216,"column":52}},"19":{"start":{"line":217,"column":8},"end":{"line":217,"column":26}},"20":{"start":{"line":220,"column":8},"end":{"line":224,"column":9}},"21":{"start":{"line":221,"column":10},"end":{"line":221,"column":47}},"22":{"start":{"line":223,"column":10},"end":{"line":223,"column":54}},"23":{"start":{"line":228,"column":6},"end":{"line":248,"column":7}},"24":{"start":{"line":229,"column":8},"end":{"line":229,"column":71}},"25":{"start":{"line":229,"column":40},"end":{"line":229,"column":71}},"26":{"start":{"line":231,"column":21},"end":{"line":231,"column":68}},"27":{"start":{"line":233,"column":25},"end":{"line":242,"column":10}},"28":{"start":{"line":244,"column":8},"end":{"line":244,"column":24}},"29":{"start":{"line":247,"column":8},"end":{"line":247,"column":20}},"30":{"start":{"line":254,"column":6},"end":{"line":254,"column":35}},"31":{"start":{"line":255,"column":16},"end":{"line":255,"column":45}},"32":{"start":{"line":256,"column":6},"end":{"line":325,"column":7}},"33":{"start":{"line":257,"column":8},"end":{"line":257,"column":71}},"34":{"start":{"line":257,"column":40},"end":{"line":257,"column":71}},"35":{"start":{"line":268,"column":12},"end":{"line":268,"column":26}},"36":{"start":{"line":270,"column":21},"end":{"line":270,"column":68}},"37":{"start":{"line":273,"column":23},"end":{"line":273,"column":47}},"38":{"start":{"line":274,"column":37},"end":{"line":277,"column":10}},"39":{"start":{"line":275,"column":25},"end":{"line":275,"column":47}},"40":{"start":{"line":276,"column":10},"end":{"line":276,"column":39}},"41":{"start":{"line":278,"column":29},"end":{"line":278,"column":68}},"42":{"start":{"line":279,"column":21},"end":{"line":282,"column":10}},"43":{"start":{"line":284,"column":8},"end":{"line":284,"column":56}},"44":{"start":{"line":284,"column":20},"end":{"line":284,"column":56}},"45":{"start":{"line":286,"column":23},"end":{"line":295,"column":9}},"46":{"start":{"line":297,"column":26},"end":{"line":297,"column":73}},"47":{"start":{"line":299,"column":34},"end":{"line":302,"column":11}},"48":{"start":{"line":299,"column":53},"end":{"line":302,"column":9}},"49":{"start":{"line":304,"column":40},"end":{"line":307,"column":11}},"50":{"start":{"line":304,"column":65},"end":{"line":307,"column":9}},"51":{"start":{"line":309,"column":25},"end":{"line":311,"column":10}},"52":{"start":{"line":313,"column":31},"end":{"line":316,"column":9}},"53":{"start":{"line":317,"column":8},"end":{"line":317,"column":25}},"54":{"start":{"line":319,"column":24},"end":{"line":319,"column":44}},"55":{"start":{"line":320,"column":8},"end":{"line":320,"column":27}},"56":{"start":{"line":322,"column":8},"end":{"line":322,"column":27}},"57":{"start":{"line":323,"column":8},"end":{"line":323,"column":27}},"58":{"start":{"line":324,"column":8},"end":{"line":324,"column":20}},"59":{"start":{"line":328,"column":6},"end":{"line":356,"column":7}},"60":{"start":{"line":329,"column":8},"end":{"line":329,"column":71}},"61":{"start":{"line":329,"column":40},"end":{"line":329,"column":71}},"62":{"start":{"line":331,"column":21},"end":{"line":331,"column":68}},"63":{"start":{"line":333,"column":29},"end":{"line":333,"column":33}},"64":{"start":{"line":335,"column":27},"end":{"line":335,"column":58}},"65":{"start":{"line":337,"column":8},"end":{"line":337,"column":52}},"66":{"start":{"line":337,"column":25},"end":{"line":337,"column":52}},"67":{"start":{"line":339,"column":8},"end":{"line":339,"column":75}},"68":{"start":{"line":339,"column":42},"end":{"line":339,"column":75}},"69":{"start":{"line":341,"column":8},"end":{"line":341,"column":62}},"70":{"start":{"line":343,"column":8},"end":{"line":343,"column":68}},"71":{"start":{"line":345,"column":8},"end":{"line":345,"column":65}},"72":{"start":{"line":347,"column":8},"end":{"line":347,"column":66}},"73":{"start":{"line":349,"column":26},"end":{"line":349,"column":75}},"74":{"start":{"line":351,"column":24},"end":{"line":351,"column":77}},"75":{"start":{"line":352,"column":8},"end":{"line":352,"column":27}},"76":{"start":{"line":354,"column":8},"end":{"line":354,"column":27}},"77":{"start":{"line":355,"column":8},"end":{"line":355,"column":20}}},"fnMap":{"0":{"name":"(anonymous_0)","decl":{"start":{"line":170,"column":18},"end":{"line":170,"column":19}},"loc":{"start":{"line":170,"column":37},"end":{"line":185,"column":5}},"line":170},"1":{"name":"(anonymous_1)","decl":{"start":{"line":186,"column":17},"end":{"line":186,"column":18}},"loc":{"start":{"line":186,"column":29},"end":{"line":200,"column":5}},"line":186},"2":{"name":"(anonymous_2)","decl":{"start":{"line":201,"column":16},"end":{"line":201,"column":17}},"loc":{"start":{"line":201,"column":35},"end":{"line":226,"column":5}},"line":201},"3":{"name":"(anonymous_3)","decl":{"start":{"line":227,"column":19},"end":{"line":227,"column":20}},"loc":{"start":{"line":227,"column":52},"end":{"line":249,"column":5}},"line":227},"4":{"name":"(anonymous_4)","decl":{"start":{"line":253,"column":18},"end":{"line":253,"column":19}},"loc":{"start":{"line":253,"column":51},"end":{"line":326,"column":5}},"line":253},"5":{"name":"(anonymous_5)","decl":{"start":{"line":274,"column":48},"end":{"line":274,"column":49}},"loc":{"start":{"line":274,"column":57},"end":{"line":277,"column":9}},"line":274},"6":{"name":"(anonymous_6)","decl":{"start":{"line":299,"column":44},"end":{"line":299,"column":45}},"loc":{"start":{"line":299,"column":53},"end":{"line":302,"column":9}},"line":299},"7":{"name":"(anonymous_7)","decl":{"start":{"line":304,"column":56},"end":{"line":304,"column":57}},"loc":{"start":{"line":304,"column":65},"end":{"line":307,"column":9}},"line":304},"8":{"name":"(anonymous_8)","decl":{"start":{"line":327,"column":18},"end":{"line":327,"column":19}},"loc":{"start":{"line":327,"column":51},"end":{"line":357,"column":5}},"line":327}},"branchMap":{"0":{"loc":{"start":{"line":2,"column":0},"end":{"line":4,"column":1}},"type":"if","locations":[{"start":{"line":2,"column":0},"end":{"line":4,"column":1}},{"start":{},"end":{}}],"line":2},"1":{"loc":{"start":{"line":216,"column":8},"end":{"line":216,"column":52}},"type":"if","locations":[{"start":{"line":216,"column":8},"end":{"line":216,"column":52}},{"start":{},"end":{}}],"line":216},"2":{"loc":{"start":{"line":220,"column":8},"end":{"line":224,"column":9}},"type":"if","locations":[{"start":{"line":220,"column":8},"end":{"line":224,"column":9}},{"start":{"line":222,"column":15},"end":{"line":224,"column":9}}],"line":220},"3":{"loc":{"start":{"line":229,"column":8},"end":{"line":229,"column":71}},"type":"if","locations":[{"start":{"line":229,"column":8},"end":{"line":229,"column":71}},{"start":{},"end":{}}],"line":229},"4":{"loc":{"start":{"line":257,"column":8},"end":{"line":257,"column":71}},"type":"if","locations":[{"start":{"line":257,"column":8},"end":{"line":257,"column":71}},{"start":{},"end":{}}],"line":257},"5":{"loc":{"start":{"line":284,"column":8},"end":{"line":284,"column":56}},"type":"if","locations":[{"start":{"line":284,"column":8},"end":{"line":284,"column":56}},{"start":{},"end":{}}],"line":284},"6":{"loc":{"start":{"line":329,"column":8},"end":{"line":329,"column":71}},"type":"if","locations":[{"start":{"line":329,"column":8},"end":{"line":329,"column":71}},{"start":{},"end":{}}],"line":329},"7":{"loc":{"start":{"line":337,"column":8},"end":{"line":337,"column":52}},"type":"if","locations":[{"start":{"line":337,"column":8},"end":{"line":337,"column":52}},{"start":{},"end":{}}],"line":337},"8":{"loc":{"start":{"line":339,"column":8},"end":{"line":339,"column":75}},"type":"if","locations":[{"start":{"line":339,"column":8},"end":{"line":339,"column":75}},{"start":{},"end":{}}],"line":339}},"s":{"0":6,"1":6,"2":6,"3":6,"4":6,"5":1,"6":1,"7":1,"8":1,"9":0,"10":1,"11":1,"12":1,"13":0,"14":1,"15":1,"16":1,"17":1,"18":0,"19":1,"20":0,"21":0,"22":0,"23":3,"24":3,"25":1,"26":2,"27":1,"28":1,"29":2,"30":2,"31":2,"32":2,"33":2,"34":0,"35":2,"36":2,"37":1,"38":1,"39":1,"40":1,"41":1,"42":1,"43":1,"44":0,"45":1,"46":1,"47":1,"48":1,"49":1,"50":1,"51":1,"52":1,"53":1,"54":1,"55":1,"56":1,"57":1,"58":1,"59":5,"60":5,"61":1,"62":4,"63":3,"64":3,"65":3,"66":1,"67":2,"68":1,"69":1,"70":1,"71":1,"72":1,"73":1,"74":1,"75":1,"76":4,"77":4},"f":{"0":1,"1":1,"2":1,"3":3,"4":2,"5":1,"6":1,"7":1,"8":5},"b":{"0":[6,0],"1":[0,1],"2":[0,0],"3":[1,2],"4":[0,2],"5":[0,1],"6":[1,4],"7":[1,2],"8":[1,1]},"inputSourceMap":null,"_coverageSchema":"1a1c01bbd47fc00a2c39e90264f33305004495a9","hash":"cccb3354936bf4897f01dde828ccd483e95280b1"}
,"D:\\Ayu\\Hacktiv8\\Tugas\\phase-3\\Final-project\\server-apollo\\schema\\userSchema.mjs": {"path":"D:\\Ayu\\Hacktiv8\\Tugas\\phase-3\\Final-project\\server-apollo\\schema\\userSchema.mjs","statementMap":{"0":{"start":{"line":2,"column":0},"end":{"line":4,"column":1}},"1":{"start":{"line":3,"column":2},"end":{"line":3,"column":11}},"2":{"start":{"line":18,"column":4},"end":{"line":18,"column":9}},"3":{"start":{"line":24,"column":28},"end":{"line":60,"column":1}},"4":{"start":{"line":62,"column":29},"end":{"line":114,"column":1}},"5":{"start":{"line":66,"column":6},"end":{"line":92,"column":7}},"6":{"start":{"line":67,"column":36},"end":{"line":67,"column":40}},"7":{"start":{"line":68,"column":8},"end":{"line":70,"column":9}},"8":{"start":{"line":69,"column":10},"end":{"line":69,"column":46}},"9":{"start":{"line":71,"column":8},"end":{"line":73,"column":9}},"10":{"start":{"line":72,"column":10},"end":{"line":72,"column":49}},"11":{"start":{"line":74,"column":25},"end":{"line":74,"column":65}},"12":{"start":{"line":75,"column":8},"end":{"line":77,"column":9}},"13":{"start":{"line":76,"column":10},"end":{"line":76,"column":51}},"14":{"start":{"line":78,"column":30},"end":{"line":78,"column":74}},"15":{"start":{"line":79,"column":8},"end":{"line":81,"column":9}},"16":{"start":{"line":80,"column":10},"end":{"line":80,"column":51}},"17":{"start":{"line":82,"column":24},"end":{"line":84,"column":9}},"18":{"start":{"line":86,"column":29},"end":{"line":86,"column":49}},"19":{"start":{"line":88,"column":8},"end":{"line":88,"column":32}},"20":{"start":{"line":90,"column":8},"end":{"line":90,"column":27}},"21":{"start":{"line":91,"column":8},"end":{"line":91,"column":20}},"22":{"start":{"line":98,"column":6},"end":{"line":111,"column":7}},"23":{"start":{"line":99,"column":59},"end":{"line":99,"column":71}},"24":{"start":{"line":100,"column":21},"end":{"line":105,"column":10}},"25":{"start":{"line":106,"column":24},"end":{"line":106,"column":72}},"26":{"start":{"line":107,"column":8},"end":{"line":107,"column":27}},"27":{"start":{"line":110,"column":8},"end":{"line":110,"column":20}}},"fnMap":{"0":{"name":"(anonymous_0)","decl":{"start":{"line":65,"column":11},"end":{"line":65,"column":12}},"loc":{"start":{"line":65,"column":30},"end":{"line":93,"column":5}},"line":65},"1":{"name":"(anonymous_1)","decl":{"start":{"line":97,"column":14},"end":{"line":97,"column":15}},"loc":{"start":{"line":97,"column":33},"end":{"line":112,"column":5}},"line":97}},"branchMap":{"0":{"loc":{"start":{"line":2,"column":0},"end":{"line":4,"column":1}},"type":"if","locations":[{"start":{"line":2,"column":0},"end":{"line":4,"column":1}},{"start":{},"end":{}}],"line":2},"1":{"loc":{"start":{"line":68,"column":8},"end":{"line":70,"column":9}},"type":"if","locations":[{"start":{"line":68,"column":8},"end":{"line":70,"column":9}},{"start":{},"end":{}}],"line":68},"2":{"loc":{"start":{"line":71,"column":8},"end":{"line":73,"column":9}},"type":"if","locations":[{"start":{"line":71,"column":8},"end":{"line":73,"column":9}},{"start":{},"end":{}}],"line":71},"3":{"loc":{"start":{"line":75,"column":8},"end":{"line":77,"column":9}},"type":"if","locations":[{"start":{"line":75,"column":8},"end":{"line":77,"column":9}},{"start":{},"end":{}}],"line":75},"4":{"loc":{"start":{"line":79,"column":8},"end":{"line":81,"column":9}},"type":"if","locations":[{"start":{"line":79,"column":8},"end":{"line":81,"column":9}},{"start":{},"end":{}}],"line":79}},"s":{"0":6,"1":6,"2":6,"3":6,"4":6,"5":5,"6":5,"7":5,"8":1,"9":4,"10":1,"11":3,"12":3,"13":1,"14":2,"15":2,"16":1,"17":1,"18":1,"19":1,"20":4,"21":4,"22":5,"23":5,"24":5,"25":1,"26":1,"27":4},"f":{"0":5,"1":5},"b":{"0":[6,0],"1":[1,4],"2":[1,3],"3":[1,2],"4":[1,1]},"inputSourceMap":null,"_coverageSchema":"1a1c01bbd47fc00a2c39e90264f33305004495a9","hash":"33cd216f97df1822f5c53952750443bb9a42f03a"}
}
