{"D:\\Ayu\\Hacktiv8\\Tugas\\phase-3\\Final-project\\server-apollo\\config\\config.js": {"path":"D:\\Ayu\\Hacktiv8\\Tugas\\phase-3\\Final-project\\server-apollo\\config\\config.js","statementMap":{},"fnMap":{},"branchMap":{},"s":{},"f":{},"b":{},"inputSourceMap":null,"_coverageSchema":"1a1c01bbd47fc00a2c39e90264f33305004495a9","hash":"6b35d96999f8b4a7c672723eee7acc99ee6fa7ce"}
,"D:\\Ayu\\Hacktiv8\\Tugas\\phase-3\\Final-project\\server-apollo\\config\\server.mjs": {"path":"D:\\Ayu\\Hacktiv8\\Tugas\\phase-3\\Final-project\\server-apollo\\config\\server.mjs","statementMap":{"0":{"start":{"line":23,"column":2},"end":{"line":76,"column":3}},"1":{"start":{"line":24,"column":16},"end":{"line":24,"column":25}},"2":{"start":{"line":25,"column":23},"end":{"line":25,"column":45}},"3":{"start":{"line":27,"column":19},"end":{"line":45,"column":6}},"4":{"start":{"line":46,"column":4},"end":{"line":46,"column":25}},"5":{"start":{"line":48,"column":4},"end":{"line":65,"column":6}},"6":{"start":{"line":56,"column":10},"end":{"line":62,"column":11}},"7":{"start":{"line":57,"column":37},"end":{"line":57,"column":48}},"8":{"start":{"line":58,"column":12},"end":{"line":58,"column":36}},"9":{"start":{"line":60,"column":12},"end":{"line":60,"column":38}},"10":{"start":{"line":61,"column":12},"end":{"line":61,"column":24}},"11":{"start":{"line":68,"column":4},"end":{"line":68,"column":73}},"12":{"start":{"line":68,"column":35},"end":{"line":68,"column":71}},"13":{"start":{"line":69,"column":16},"end":{"line":69,"column":43}},"14":{"start":{"line":70,"column":4},"end":{"line":73,"column":6}},"15":{"start":{"line":75,"column":4},"end":{"line":75,"column":16}}},"fnMap":{"0":{"name":"initServer","decl":{"start":{"line":22,"column":30},"end":{"line":22,"column":40}},"loc":{"start":{"line":22,"column":54},"end":{"line":77,"column":1}},"line":22},"1":{"name":"(anonymous_1)","decl":{"start":{"line":54,"column":17},"end":{"line":54,"column":18}},"loc":{"start":{"line":54,"column":36},"end":{"line":63,"column":9}},"line":54},"2":{"name":"(anonymous_2)","decl":{"start":{"line":68,"column":22},"end":{"line":68,"column":23}},"loc":{"start":{"line":68,"column":35},"end":{"line":68,"column":71}},"line":68}},"branchMap":{"0":{"loc":{"start":{"line":22,"column":41},"end":{"line":22,"column":52}},"type":"default-arg","locations":[{"start":{"line":22,"column":48},"end":{"line":22,"column":52}}],"line":22}},"s":{"0":6,"1":6,"2":6,"3":6,"4":6,"5":6,"6":62,"7":62,"8":62,"9":0,"10":0,"11":6,"12":6,"13":6,"14":6,"15":0},"f":{"0":6,"1":62,"2":6},"b":{"0":[0]},"inputSourceMap":null,"_coverageSchema":"1a1c01bbd47fc00a2c39e90264f33305004495a9","hash":"e8399b1e2c856a80e53fbedb459abfcba22ea041"}
,"D:\\Ayu\\Hacktiv8\\Tugas\\phase-3\\Final-project\\server-apollo\\data\\data.js": {"path":"D:\\Ayu\\Hacktiv8\\Tugas\\phase-3\\Final-project\\server-apollo\\data\\data.js","statementMap":{},"fnMap":{},"branchMap":{},"s":{},"f":{},"b":{},"inputSourceMap":null,"_coverageSchema":"1a1c01bbd47fc00a2c39e90264f33305004495a9","hash":"2b38b87406d3e331de1fb8b513dd8a928ff71704"}
,"D:\\Ayu\\Hacktiv8\\Tugas\\phase-3\\Final-project\\server-apollo\\helpers\\bcrypt.js": {"path":"D:\\Ayu\\Hacktiv8\\Tugas\\phase-3\\Final-project\\server-apollo\\helpers\\bcrypt.js","statementMap":{"0":{"start":{"line":2,"column":13},"end":{"line":2,"column":35}},"1":{"start":{"line":4,"column":21},"end":{"line":4,"column":66}},"2":{"start":{"line":4,"column":35},"end":{"line":4,"column":66}},"3":{"start":{"line":5,"column":24},"end":{"line":5,"column":90}},"4":{"start":{"line":5,"column":50},"end":{"line":5,"column":90}}},"fnMap":{"0":{"name":"(anonymous_0)","decl":{"start":{"line":4,"column":21},"end":{"line":4,"column":22}},"loc":{"start":{"line":4,"column":35},"end":{"line":4,"column":66}},"line":4},"1":{"name":"(anonymous_1)","decl":{"start":{"line":5,"column":24},"end":{"line":5,"column":25}},"loc":{"start":{"line":5,"column":50},"end":{"line":5,"column":90}},"line":5}},"branchMap":{},"s":{"0":6,"1":6,"2":14,"3":6,"4":2},"f":{"0":14,"1":2},"b":{},"inputSourceMap":null,"_coverageSchema":"1a1c01bbd47fc00a2c39e90264f33305004495a9","hash":"a248b7864fc73337c693c0aa631e3bd2dedb6398"}
,"D:\\Ayu\\Hacktiv8\\Tugas\\phase-3\\Final-project\\server-apollo\\helpers\\imageUpload.js": {"path":"D:\\Ayu\\Hacktiv8\\Tugas\\phase-3\\Final-project\\server-apollo\\helpers\\imageUpload.js","statementMap":{"0":{"start":{"line":3,"column":0},"end":{"line":3,"column":8}},"1":{"start":{"line":6,"column":17},"end":{"line":10,"column":2}}},"fnMap":{},"branchMap":{},"s":{"0":6,"1":6},"f":{},"b":{},"inputSourceMap":null,"_coverageSchema":"1a1c01bbd47fc00a2c39e90264f33305004495a9","hash":"f7a0d3060e40ea636be1b233756062285fb0939a"}
,"D:\\Ayu\\Hacktiv8\\Tugas\\phase-3\\Final-project\\server-apollo\\helpers\\jwt.js": {"path":"D:\\Ayu\\Hacktiv8\\Tugas\\phase-3\\Final-project\\server-apollo\\helpers\\jwt.js","statementMap":{"0":{"start":{"line":2,"column":0},"end":{"line":2,"column":8}},"1":{"start":{"line":4,"column":15},"end":{"line":4,"column":41}},"2":{"start":{"line":6,"column":20},"end":{"line":6,"column":58}},"3":{"start":{"line":6,"column":33},"end":{"line":6,"column":58}},"4":{"start":{"line":7,"column":20},"end":{"line":7,"column":56}},"5":{"start":{"line":7,"column":31},"end":{"line":7,"column":56}}},"fnMap":{"0":{"name":"(anonymous_0)","decl":{"start":{"line":6,"column":20},"end":{"line":6,"column":21}},"loc":{"start":{"line":6,"column":33},"end":{"line":6,"column":58}},"line":6},"1":{"name":"(anonymous_1)","decl":{"start":{"line":7,"column":20},"end":{"line":7,"column":21}},"loc":{"start":{"line":7,"column":31},"end":{"line":7,"column":56}},"line":7}},"branchMap":{},"s":{"0":6,"1":6,"2":6,"3":25,"4":6,"5":35},"f":{"0":25,"1":35},"b":{},"inputSourceMap":null,"_coverageSchema":"1a1c01bbd47fc00a2c39e90264f33305004495a9","hash":"1bb745f8f807ef961539c9be2a86f52f6cc08fe8"}
,"D:\\Ayu\\Hacktiv8\\Tugas\\phase-3\\Final-project\\server-apollo\\helpers\\streamToBuffer.js": {"path":"D:\\Ayu\\Hacktiv8\\Tugas\\phase-3\\Final-project\\server-apollo\\helpers\\streamToBuffer.js","statementMap":{"0":{"start":{"line":2,"column":2},"end":{"line":7,"column":5}},"1":{"start":{"line":3,"column":17},"end":{"line":3,"column":19}},"2":{"start":{"line":4,"column":4},"end":{"line":4,"column":51}},"3":{"start":{"line":4,"column":33},"end":{"line":4,"column":49}},"4":{"start":{"line":5,"column":4},"end":{"line":5,"column":57}},"5":{"start":{"line":5,"column":27},"end":{"line":5,"column":55}},"6":{"start":{"line":6,"column":4},"end":{"line":6,"column":45}},"7":{"start":{"line":6,"column":32},"end":{"line":6,"column":43}}},"fnMap":{"0":{"name":"stream2buffer","decl":{"start":{"line":1,"column":24},"end":{"line":1,"column":37}},"loc":{"start":{"line":1,"column":46},"end":{"line":8,"column":1}},"line":1},"1":{"name":"(anonymous_1)","decl":{"start":{"line":2,"column":21},"end":{"line":2,"column":22}},"loc":{"start":{"line":2,"column":42},"end":{"line":7,"column":3}},"line":2},"2":{"name":"(anonymous_2)","decl":{"start":{"line":4,"column":22},"end":{"line":4,"column":23}},"loc":{"start":{"line":4,"column":33},"end":{"line":4,"column":49}},"line":4},"3":{"name":"(anonymous_3)","decl":{"start":{"line":5,"column":21},"end":{"line":5,"column":22}},"loc":{"start":{"line":5,"column":27},"end":{"line":5,"column":55}},"line":5},"4":{"name":"(anonymous_4)","decl":{"start":{"line":6,"column":23},"end":{"line":6,"column":24}},"loc":{"start":{"line":6,"column":32},"end":{"line":6,"column":43}},"line":6}},"branchMap":{},"s":{"0":1,"1":1,"2":1,"3":14,"4":1,"5":1,"6":1,"7":0},"f":{"0":1,"1":1,"2":14,"3":1,"4":0},"b":{},"inputSourceMap":null,"_coverageSchema":"1a1c01bbd47fc00a2c39e90264f33305004495a9","hash":"9aaa78d9f7d9bc0a56438c086de257ff57dafce0"}
,"D:\\Ayu\\Hacktiv8\\Tugas\\phase-3\\Final-project\\server-apollo\\middlewares\\authentication.js": {"path":"D:\\Ayu\\Hacktiv8\\Tugas\\phase-3\\Final-project\\server-apollo\\middlewares\\authentication.js","statementMap":{"0":{"start":{"line":3,"column":17},"end":{"line":3,"column":22}},"1":{"start":{"line":6,"column":16},"end":{"line":6,"column":34}},"2":{"start":{"line":8,"column":19},"end":{"line":8,"column":50}},"3":{"start":{"line":9,"column":2},"end":{"line":9,"column":48}},"4":{"start":{"line":9,"column":17},"end":{"line":9,"column":48}},"5":{"start":{"line":10,"column":15},"end":{"line":13,"column":3}},"6":{"start":{"line":14,"column":2},"end":{"line":14,"column":14}}},"fnMap":{"0":{"name":"authentication","decl":{"start":{"line":5,"column":15},"end":{"line":5,"column":29}},"loc":{"start":{"line":5,"column":37},"end":{"line":15,"column":1}},"line":5}},"branchMap":{"0":{"loc":{"start":{"line":9,"column":2},"end":{"line":9,"column":48}},"type":"if","locations":[{"start":{"line":9,"column":2},"end":{"line":9,"column":48}},{"start":{},"end":{}}],"line":9}},"s":{"0":6,"1":35,"2":24,"3":24,"4":2,"5":22,"6":22},"f":{"0":35},"b":{"0":[2,22]},"inputSourceMap":null,"_coverageSchema":"1a1c01bbd47fc00a2c39e90264f33305004495a9","hash":"d67bdd5a82962c5c32c819b5226e88094a4eed88"}
,"D:\\Ayu\\Hacktiv8\\Tugas\\phase-3\\Final-project\\server-apollo\\models\\comment.js": {"path":"D:\\Ayu\\Hacktiv8\\Tugas\\phase-3\\Final-project\\server-apollo\\models\\comment.js","statementMap":{"0":{"start":{"line":12,"column":6},"end":{"line":12,"column":63}},"1":{"start":{"line":13,"column":6},"end":{"line":13,"column":67}},"2":{"start":{"line":16,"column":2},"end":{"line":44,"column":4}},"3":{"start":{"line":45,"column":2},"end":{"line":45,"column":17}}},"fnMap":{"0":{"name":"(anonymous_0)","decl":{"start":{"line":3,"column":15},"end":{"line":3,"column":16}},"loc":{"start":{"line":3,"column":41},"end":{"line":46,"column":1}},"line":3},"1":{"name":"(anonymous_1)","decl":{"start":{"line":10,"column":4},"end":{"line":10,"column":5}},"loc":{"start":{"line":10,"column":29},"end":{"line":14,"column":5}},"line":10}},"branchMap":{},"s":{"0":6,"1":6,"2":6,"3":6},"f":{"0":6,"1":6},"b":{},"inputSourceMap":null,"_coverageSchema":"1a1c01bbd47fc00a2c39e90264f33305004495a9","hash":"fd475106746596129460f16a03a8b696dd169255"}
,"D:\\Ayu\\Hacktiv8\\Tugas\\phase-3\\Final-project\\server-apollo\\models\\favorite.js": {"path":"D:\\Ayu\\Hacktiv8\\Tugas\\phase-3\\Final-project\\server-apollo\\models\\favorite.js","statementMap":{"0":{"start":{"line":12,"column":6},"end":{"line":12,"column":64}},"1":{"start":{"line":13,"column":6},"end":{"line":13,"column":68}},"2":{"start":{"line":16,"column":2},"end":{"line":31,"column":4}},"3":{"start":{"line":32,"column":2},"end":{"line":32,"column":18}}},"fnMap":{"0":{"name":"(anonymous_0)","decl":{"start":{"line":3,"column":15},"end":{"line":3,"column":16}},"loc":{"start":{"line":3,"column":41},"end":{"line":33,"column":1}},"line":3},"1":{"name":"(anonymous_1)","decl":{"start":{"line":10,"column":4},"end":{"line":10,"column":5}},"loc":{"start":{"line":10,"column":29},"end":{"line":14,"column":5}},"line":10}},"branchMap":{},"s":{"0":6,"1":6,"2":6,"3":6},"f":{"0":6,"1":6},"b":{},"inputSourceMap":null,"_coverageSchema":"1a1c01bbd47fc00a2c39e90264f33305004495a9","hash":"b92e2d2dedac8bb5faa72c990b3e872a5bb16357"}
,"D:\\Ayu\\Hacktiv8\\Tugas\\phase-3\\Final-project\\server-apollo\\models\\index.js": {"path":"D:\\Ayu\\Hacktiv8\\Tugas\\phase-3\\Final-project\\server-apollo\\models\\index.js","statementMap":{"0":{"start":{"line":3,"column":12},"end":{"line":3,"column":49}},"1":{"start":{"line":12,"column":15},"end":{"line":12,"column":34}},"2":{"start":{"line":13,"column":11},"end":{"line":13,"column":13}},"3":{"start":{"line":16,"column":0},"end":{"line":20,"column":1}},"4":{"start":{"line":17,"column":2},"end":{"line":17,"column":74}},"5":{"start":{"line":19,"column":2},"end":{"line":19,"column":87}},"6":{"start":{"line":22,"column":21},"end":{"line":22,"column":60}},"7":{"start":{"line":23,"column":18},"end":{"line":23,"column":54}},"8":{"start":{"line":24,"column":18},"end":{"line":24,"column":54}},"9":{"start":{"line":25,"column":20},"end":{"line":25,"column":58}},"10":{"start":{"line":26,"column":22},"end":{"line":26,"column":62}},"11":{"start":{"line":27,"column":24},"end":{"line":27,"column":66}},"12":{"start":{"line":28,"column":22},"end":{"line":28,"column":62}},"13":{"start":{"line":29,"column":0},"end":{"line":29,"column":36}},"14":{"start":{"line":30,"column":0},"end":{"line":30,"column":30}},"15":{"start":{"line":31,"column":0},"end":{"line":31,"column":30}},"16":{"start":{"line":32,"column":0},"end":{"line":32,"column":34}},"17":{"start":{"line":33,"column":0},"end":{"line":33,"column":38}},"18":{"start":{"line":34,"column":0},"end":{"line":34,"column":42}},"19":{"start":{"line":35,"column":0},"end":{"line":35,"column":38}},"20":{"start":{"line":37,"column":0},"end":{"line":41,"column":3}},"21":{"start":{"line":38,"column":2},"end":{"line":40,"column":3}},"22":{"start":{"line":39,"column":4},"end":{"line":39,"column":32}},"23":{"start":{"line":43,"column":0},"end":{"line":43,"column":25}},"24":{"start":{"line":44,"column":0},"end":{"line":44,"column":25}}},"fnMap":{"0":{"name":"(anonymous_0)","decl":{"start":{"line":37,"column":24},"end":{"line":37,"column":25}},"loc":{"start":{"line":37,"column":37},"end":{"line":41,"column":1}},"line":37}},"branchMap":{"0":{"loc":{"start":{"line":3,"column":12},"end":{"line":3,"column":49}},"type":"binary-expr","locations":[{"start":{"line":3,"column":12},"end":{"line":3,"column":32}},{"start":{"line":3,"column":36},"end":{"line":3,"column":49}}],"line":3},"1":{"loc":{"start":{"line":16,"column":0},"end":{"line":20,"column":1}},"type":"if","locations":[{"start":{"line":16,"column":0},"end":{"line":20,"column":1}},{"start":{"line":18,"column":7},"end":{"line":20,"column":1}}],"line":16},"2":{"loc":{"start":{"line":38,"column":2},"end":{"line":40,"column":3}},"type":"if","locations":[{"start":{"line":38,"column":2},"end":{"line":40,"column":3}},{"start":{},"end":{}}],"line":38}},"s":{"0":6,"1":6,"2":6,"3":6,"4":0,"5":6,"6":6,"7":6,"8":6,"9":6,"10":6,"11":6,"12":6,"13":6,"14":6,"15":6,"16":6,"17":6,"18":6,"19":6,"20":6,"21":42,"22":42,"23":6,"24":6},"f":{"0":42},"b":{"0":[6,0],"1":[0,6],"2":[42,0]},"inputSourceMap":null,"_coverageSchema":"1a1c01bbd47fc00a2c39e90264f33305004495a9","hash":"9293cb0e7c1492037afa1cec15d89a715493bb5d"}
,"D:\\Ayu\\Hacktiv8\\Tugas\\phase-3\\Final-project\\server-apollo\\models\\ingredient.js": {"path":"D:\\Ayu\\Hacktiv8\\Tugas\\phase-3\\Final-project\\server-apollo\\models\\ingredient.js","statementMap":{"0":{"start":{"line":12,"column":6},"end":{"line":12,"column":70}},"1":{"start":{"line":15,"column":2},"end":{"line":30,"column":4}},"2":{"start":{"line":31,"column":2},"end":{"line":31,"column":20}}},"fnMap":{"0":{"name":"(anonymous_0)","decl":{"start":{"line":3,"column":15},"end":{"line":3,"column":16}},"loc":{"start":{"line":3,"column":41},"end":{"line":32,"column":1}},"line":3},"1":{"name":"(anonymous_1)","decl":{"start":{"line":10,"column":4},"end":{"line":10,"column":5}},"loc":{"start":{"line":10,"column":29},"end":{"line":13,"column":5}},"line":10}},"branchMap":{},"s":{"0":6,"1":6,"2":6},"f":{"0":6,"1":6},"b":{},"inputSourceMap":null,"_coverageSchema":"1a1c01bbd47fc00a2c39e90264f33305004495a9","hash":"b88f5bf4a2f095827f7f7802e6d9922793ab2fd4"}
,"D:\\Ayu\\Hacktiv8\\Tugas\\phase-3\\Final-project\\server-apollo\\models\\reaction.js": {"path":"D:\\Ayu\\Hacktiv8\\Tugas\\phase-3\\Final-project\\server-apollo\\models\\reaction.js","statementMap":{"0":{"start":{"line":12,"column":6},"end":{"line":12,"column":64}},"1":{"start":{"line":13,"column":6},"end":{"line":13,"column":68}},"2":{"start":{"line":16,"column":2},"end":{"line":33,"column":4}},"3":{"start":{"line":34,"column":2},"end":{"line":34,"column":18}}},"fnMap":{"0":{"name":"(anonymous_0)","decl":{"start":{"line":3,"column":15},"end":{"line":3,"column":16}},"loc":{"start":{"line":3,"column":41},"end":{"line":35,"column":1}},"line":3},"1":{"name":"(anonymous_1)","decl":{"start":{"line":10,"column":4},"end":{"line":10,"column":5}},"loc":{"start":{"line":10,"column":29},"end":{"line":14,"column":5}},"line":10}},"branchMap":{},"s":{"0":6,"1":6,"2":6,"3":6},"f":{"0":6,"1":6},"b":{},"inputSourceMap":null,"_coverageSchema":"1a1c01bbd47fc00a2c39e90264f33305004495a9","hash":"b03a88eb518f8531540bd5315b8be03ba571d00d"}
,"D:\\Ayu\\Hacktiv8\\Tugas\\phase-3\\Final-project\\server-apollo\\models\\recipe.js": {"path":"D:\\Ayu\\Hacktiv8\\Tugas\\phase-3\\Final-project\\server-apollo\\models\\recipe.js","statementMap":{"0":{"start":{"line":12,"column":6},"end":{"line":12,"column":62}},"1":{"start":{"line":13,"column":6},"end":{"line":13,"column":66}},"2":{"start":{"line":14,"column":6},"end":{"line":14,"column":66}},"3":{"start":{"line":15,"column":6},"end":{"line":15,"column":65}},"4":{"start":{"line":16,"column":6},"end":{"line":16,"column":62}},"5":{"start":{"line":17,"column":6},"end":{"line":17,"column":68}},"6":{"start":{"line":20,"column":2},"end":{"line":52,"column":4}},"7":{"start":{"line":53,"column":2},"end":{"line":53,"column":16}}},"fnMap":{"0":{"name":"(anonymous_0)","decl":{"start":{"line":3,"column":15},"end":{"line":3,"column":16}},"loc":{"start":{"line":3,"column":41},"end":{"line":54,"column":1}},"line":3},"1":{"name":"(anonymous_1)","decl":{"start":{"line":10,"column":4},"end":{"line":10,"column":5}},"loc":{"start":{"line":10,"column":29},"end":{"line":18,"column":5}},"line":10}},"branchMap":{},"s":{"0":6,"1":6,"2":6,"3":6,"4":6,"5":6,"6":6,"7":6},"f":{"0":6,"1":6},"b":{},"inputSourceMap":null,"_coverageSchema":"1a1c01bbd47fc00a2c39e90264f33305004495a9","hash":"df0cabdf59243bcc2769992f9c7244eb3b36fa7c"}
,"D:\\Ayu\\Hacktiv8\\Tugas\\phase-3\\Final-project\\server-apollo\\models\\step.js": {"path":"D:\\Ayu\\Hacktiv8\\Tugas\\phase-3\\Final-project\\server-apollo\\models\\step.js","statementMap":{"0":{"start":{"line":12,"column":6},"end":{"line":12,"column":64}},"1":{"start":{"line":15,"column":2},"end":{"line":31,"column":4}},"2":{"start":{"line":32,"column":2},"end":{"line":32,"column":14}}},"fnMap":{"0":{"name":"(anonymous_0)","decl":{"start":{"line":3,"column":15},"end":{"line":3,"column":16}},"loc":{"start":{"line":3,"column":41},"end":{"line":33,"column":1}},"line":3},"1":{"name":"(anonymous_1)","decl":{"start":{"line":10,"column":4},"end":{"line":10,"column":5}},"loc":{"start":{"line":10,"column":29},"end":{"line":13,"column":5}},"line":10}},"branchMap":{},"s":{"0":6,"1":6,"2":6},"f":{"0":6,"1":6},"b":{},"inputSourceMap":null,"_coverageSchema":"1a1c01bbd47fc00a2c39e90264f33305004495a9","hash":"8ba115ee326fbe82c863ddd9a9f4098a42f97481"}
,"D:\\Ayu\\Hacktiv8\\Tugas\\phase-3\\Final-project\\server-apollo\\models\\user.js": {"path":"D:\\Ayu\\Hacktiv8\\Tugas\\phase-3\\Final-project\\server-apollo\\models\\user.js","statementMap":{"0":{"start":{"line":13,"column":6},"end":{"line":13,"column":60}},"1":{"start":{"line":14,"column":6},"end":{"line":14,"column":61}},"2":{"start":{"line":15,"column":6},"end":{"line":15,"column":62}},"3":{"start":{"line":16,"column":6},"end":{"line":16,"column":62}},"4":{"start":{"line":19,"column":2},"end":{"line":73,"column":4}},"5":{"start":{"line":69,"column":10},"end":{"line":69,"column":60}},"6":{"start":{"line":74,"column":2},"end":{"line":74,"column":14}}},"fnMap":{"0":{"name":"(anonymous_0)","decl":{"start":{"line":4,"column":15},"end":{"line":4,"column":16}},"loc":{"start":{"line":4,"column":41},"end":{"line":75,"column":1}},"line":4},"1":{"name":"(anonymous_1)","decl":{"start":{"line":11,"column":4},"end":{"line":11,"column":5}},"loc":{"start":{"line":11,"column":29},"end":{"line":17,"column":5}},"line":11},"2":{"name":"(anonymous_2)","decl":{"start":{"line":68,"column":22},"end":{"line":68,"column":23}},"loc":{"start":{"line":68,"column":35},"end":{"line":70,"column":9}},"line":68}},"branchMap":{},"s":{"0":6,"1":6,"2":6,"3":6,"4":6,"5":14,"6":6},"f":{"0":6,"1":6,"2":14},"b":{},"inputSourceMap":null,"_coverageSchema":"1a1c01bbd47fc00a2c39e90264f33305004495a9","hash":"86736b18e213065888c5845c36f32b9e0577b8bf"}
,"D:\\Ayu\\Hacktiv8\\Tugas\\phase-3\\Final-project\\server-apollo\\schema\\commentSchema.mjs": {"path":"D:\\Ayu\\Hacktiv8\\Tugas\\phase-3\\Final-project\\server-apollo\\schema\\commentSchema.mjs","statementMap":{"0":{"start":{"line":2,"column":0},"end":{"line":4,"column":1}},"1":{"start":{"line":3,"column":2},"end":{"line":3,"column":11}},"2":{"start":{"line":18,"column":4},"end":{"line":18,"column":9}},"3":{"start":{"line":24,"column":31},"end":{"line":39,"column":1}},"4":{"start":{"line":41,"column":32},"end":{"line":95,"column":1}},"5":{"start":{"line":48,"column":6},"end":{"line":68,"column":7}},"6":{"start":{"line":49,"column":8},"end":{"line":49,"column":71}},"7":{"start":{"line":49,"column":40},"end":{"line":49,"column":71}},"8":{"start":{"line":51,"column":21},"end":{"line":51,"column":68}},"9":{"start":{"line":53,"column":50},"end":{"line":53,"column":54}},"10":{"start":{"line":55,"column":24},"end":{"line":59,"column":9}},"11":{"start":{"line":61,"column":27},"end":{"line":61,"column":56}},"12":{"start":{"line":63,"column":24},"end":{"line":63,"column":74}},"13":{"start":{"line":64,"column":8},"end":{"line":64,"column":27}},"14":{"start":{"line":66,"column":8},"end":{"line":66,"column":27}},"15":{"start":{"line":67,"column":8},"end":{"line":67,"column":20}},"16":{"start":{"line":72,"column":6},"end":{"line":92,"column":7}},"17":{"start":{"line":73,"column":8},"end":{"line":73,"column":71}},"18":{"start":{"line":73,"column":40},"end":{"line":73,"column":71}},"19":{"start":{"line":75,"column":21},"end":{"line":75,"column":68}},"20":{"start":{"line":77,"column":30},"end":{"line":77,"column":34}},"21":{"start":{"line":79,"column":28},"end":{"line":79,"column":61}},"22":{"start":{"line":81,"column":8},"end":{"line":81,"column":53}},"23":{"start":{"line":81,"column":26},"end":{"line":81,"column":53}},"24":{"start":{"line":83,"column":8},"end":{"line":83,"column":76}},"25":{"start":{"line":83,"column":43},"end":{"line":83,"column":76}},"26":{"start":{"line":85,"column":27},"end":{"line":85,"column":78}},"27":{"start":{"line":87,"column":24},"end":{"line":87,"column":79}},"28":{"start":{"line":88,"column":8},"end":{"line":88,"column":27}},"29":{"start":{"line":90,"column":8},"end":{"line":90,"column":27}},"30":{"start":{"line":91,"column":8},"end":{"line":91,"column":20}}},"fnMap":{"0":{"name":"(anonymous_0)","decl":{"start":{"line":47,"column":19},"end":{"line":47,"column":20}},"loc":{"start":{"line":47,"column":52},"end":{"line":69,"column":5}},"line":47},"1":{"name":"(anonymous_1)","decl":{"start":{"line":71,"column":19},"end":{"line":71,"column":20}},"loc":{"start":{"line":71,"column":52},"end":{"line":93,"column":5}},"line":71}},"branchMap":{"0":{"loc":{"start":{"line":2,"column":0},"end":{"line":4,"column":1}},"type":"if","locations":[{"start":{"line":2,"column":0},"end":{"line":4,"column":1}},{"start":{},"end":{}}],"line":2},"1":{"loc":{"start":{"line":49,"column":8},"end":{"line":49,"column":71}},"type":"if","locations":[{"start":{"line":49,"column":8},"end":{"line":49,"column":71}},{"start":{},"end":{}}],"line":49},"2":{"loc":{"start":{"line":73,"column":8},"end":{"line":73,"column":71}},"type":"if","locations":[{"start":{"line":73,"column":8},"end":{"line":73,"column":71}},{"start":{},"end":{}}],"line":73},"3":{"loc":{"start":{"line":81,"column":8},"end":{"line":81,"column":53}},"type":"if","locations":[{"start":{"line":81,"column":8},"end":{"line":81,"column":53}},{"start":{},"end":{}}],"line":81},"4":{"loc":{"start":{"line":83,"column":8},"end":{"line":83,"column":76}},"type":"if","locations":[{"start":{"line":83,"column":8},"end":{"line":83,"column":76}},{"start":{},"end":{}}],"line":83}},"s":{"0":6,"1":6,"2":6,"3":6,"4":6,"5":3,"6":3,"7":1,"8":2,"9":1,"10":1,"11":1,"12":1,"13":1,"14":2,"15":2,"16":5,"17":5,"18":1,"19":4,"20":3,"21":3,"22":3,"23":1,"24":2,"25":1,"26":1,"27":1,"28":1,"29":4,"30":4},"f":{"0":3,"1":5},"b":{"0":[6,0],"1":[1,2],"2":[1,4],"3":[1,2],"4":[1,1]},"inputSourceMap":null,"_coverageSchema":"1a1c01bbd47fc00a2c39e90264f33305004495a9","hash":"5f6f124c4db9bd621e74db55560dad5bd4a09d65"}
,"D:\\Ayu\\Hacktiv8\\Tugas\\phase-3\\Final-project\\server-apollo\\schema\\favoriteSchema.mjs": {"path":"D:\\Ayu\\Hacktiv8\\Tugas\\phase-3\\Final-project\\server-apollo\\schema\\favoriteSchema.mjs","statementMap":{"0":{"start":{"line":2,"column":0},"end":{"line":4,"column":1}},"1":{"start":{"line":3,"column":2},"end":{"line":3,"column":11}},"2":{"start":{"line":18,"column":4},"end":{"line":18,"column":9}},"3":{"start":{"line":24,"column":32},"end":{"line":63,"column":1}},"4":{"start":{"line":65,"column":33},"end":{"line":165,"column":1}},"5":{"start":{"line":69,"column":6},"end":{"line":90,"column":7}},"6":{"start":{"line":70,"column":8},"end":{"line":70,"column":71}},"7":{"start":{"line":70,"column":40},"end":{"line":70,"column":71}},"8":{"start":{"line":71,"column":8},"end":{"line":71,"column":54}},"9":{"start":{"line":73,"column":21},"end":{"line":73,"column":68}},"10":{"start":{"line":75,"column":26},"end":{"line":84,"column":10}},"11":{"start":{"line":86,"column":8},"end":{"line":86,"column":25}},"12":{"start":{"line":88,"column":8},"end":{"line":88,"column":27}},"13":{"start":{"line":89,"column":8},"end":{"line":89,"column":20}},"14":{"start":{"line":94,"column":6},"end":{"line":113,"column":7}},"15":{"start":{"line":95,"column":8},"end":{"line":95,"column":71}},"16":{"start":{"line":95,"column":40},"end":{"line":95,"column":71}},"17":{"start":{"line":97,"column":21},"end":{"line":97,"column":68}},"18":{"start":{"line":99,"column":29},"end":{"line":99,"column":33}},"19":{"start":{"line":101,"column":27},"end":{"line":101,"column":58}},"20":{"start":{"line":103,"column":8},"end":{"line":103,"column":52}},"21":{"start":{"line":103,"column":25},"end":{"line":103,"column":52}},"22":{"start":{"line":105,"column":8},"end":{"line":109,"column":9}},"23":{"start":{"line":106,"column":10},"end":{"line":106,"column":22}},"24":{"start":{"line":107,"column":15},"end":{"line":109,"column":9}},"25":{"start":{"line":108,"column":10},"end":{"line":108,"column":23}},"26":{"start":{"line":111,"column":8},"end":{"line":111,"column":27}},"27":{"start":{"line":112,"column":8},"end":{"line":112,"column":20}},"28":{"start":{"line":120,"column":6},"end":{"line":137,"column":7}},"29":{"start":{"line":121,"column":8},"end":{"line":121,"column":71}},"30":{"start":{"line":121,"column":40},"end":{"line":121,"column":71}},"31":{"start":{"line":123,"column":21},"end":{"line":123,"column":68}},"32":{"start":{"line":125,"column":29},"end":{"line":125,"column":33}},"33":{"start":{"line":126,"column":25},"end":{"line":129,"column":9}},"34":{"start":{"line":130,"column":28},"end":{"line":130,"column":59}},"35":{"start":{"line":132,"column":24},"end":{"line":132,"column":84}},"36":{"start":{"line":133,"column":8},"end":{"line":133,"column":27}},"37":{"start":{"line":135,"column":8},"end":{"line":135,"column":27}},"38":{"start":{"line":136,"column":8},"end":{"line":136,"column":20}},"39":{"start":{"line":141,"column":6},"end":{"line":162,"column":7}},"40":{"start":{"line":142,"column":8},"end":{"line":142,"column":71}},"41":{"start":{"line":142,"column":40},"end":{"line":142,"column":71}},"42":{"start":{"line":144,"column":21},"end":{"line":144,"column":68}},"43":{"start":{"line":146,"column":31},"end":{"line":146,"column":35}},"44":{"start":{"line":147,"column":29},"end":{"line":147,"column":64}},"45":{"start":{"line":149,"column":8},"end":{"line":149,"column":54}},"46":{"start":{"line":149,"column":27},"end":{"line":149,"column":54}},"47":{"start":{"line":151,"column":8},"end":{"line":151,"column":77}},"48":{"start":{"line":151,"column":44},"end":{"line":151,"column":77}},"49":{"start":{"line":153,"column":28},"end":{"line":155,"column":10}},"50":{"start":{"line":157,"column":24},"end":{"line":157,"column":81}},"51":{"start":{"line":158,"column":8},"end":{"line":158,"column":27}},"52":{"start":{"line":160,"column":8},"end":{"line":160,"column":27}},"53":{"start":{"line":161,"column":8},"end":{"line":161,"column":20}}},"fnMap":{"0":{"name":"(anonymous_0)","decl":{"start":{"line":68,"column":18},"end":{"line":68,"column":19}},"loc":{"start":{"line":68,"column":51},"end":{"line":91,"column":5}},"line":68},"1":{"name":"(anonymous_1)","decl":{"start":{"line":93,"column":16},"end":{"line":93,"column":17}},"loc":{"start":{"line":93,"column":49},"end":{"line":114,"column":5}},"line":93},"2":{"name":"(anonymous_2)","decl":{"start":{"line":119,"column":20},"end":{"line":119,"column":21}},"loc":{"start":{"line":119,"column":53},"end":{"line":138,"column":5}},"line":119},"3":{"name":"(anonymous_3)","decl":{"start":{"line":140,"column":20},"end":{"line":140,"column":21}},"loc":{"start":{"line":140,"column":53},"end":{"line":163,"column":5}},"line":140}},"branchMap":{"0":{"loc":{"start":{"line":2,"column":0},"end":{"line":4,"column":1}},"type":"if","locations":[{"start":{"line":2,"column":0},"end":{"line":4,"column":1}},{"start":{},"end":{}}],"line":2},"1":{"loc":{"start":{"line":70,"column":8},"end":{"line":70,"column":71}},"type":"if","locations":[{"start":{"line":70,"column":8},"end":{"line":70,"column":71}},{"start":{},"end":{}}],"line":70},"2":{"loc":{"start":{"line":95,"column":8},"end":{"line":95,"column":71}},"type":"if","locations":[{"start":{"line":95,"column":8},"end":{"line":95,"column":71}},{"start":{},"end":{}}],"line":95},"3":{"loc":{"start":{"line":103,"column":8},"end":{"line":103,"column":52}},"type":"if","locations":[{"start":{"line":103,"column":8},"end":{"line":103,"column":52}},{"start":{},"end":{}}],"line":103},"4":{"loc":{"start":{"line":105,"column":8},"end":{"line":109,"column":9}},"type":"if","locations":[{"start":{"line":105,"column":8},"end":{"line":109,"column":9}},{"start":{"line":107,"column":15},"end":{"line":109,"column":9}}],"line":105},"5":{"loc":{"start":{"line":107,"column":15},"end":{"line":109,"column":9}},"type":"if","locations":[{"start":{"line":107,"column":15},"end":{"line":109,"column":9}},{"start":{},"end":{}}],"line":107},"6":{"loc":{"start":{"line":121,"column":8},"end":{"line":121,"column":71}},"type":"if","locations":[{"start":{"line":121,"column":8},"end":{"line":121,"column":71}},{"start":{},"end":{}}],"line":121},"7":{"loc":{"start":{"line":142,"column":8},"end":{"line":142,"column":71}},"type":"if","locations":[{"start":{"line":142,"column":8},"end":{"line":142,"column":71}},{"start":{},"end":{}}],"line":142},"8":{"loc":{"start":{"line":149,"column":8},"end":{"line":149,"column":54}},"type":"if","locations":[{"start":{"line":149,"column":8},"end":{"line":149,"column":54}},{"start":{},"end":{}}],"line":149},"9":{"loc":{"start":{"line":151,"column":8},"end":{"line":151,"column":77}},"type":"if","locations":[{"start":{"line":151,"column":8},"end":{"line":151,"column":77}},{"start":{},"end":{}}],"line":151}},"s":{"0":6,"1":6,"2":6,"3":6,"4":6,"5":3,"6":3,"7":1,"8":2,"9":2,"10":1,"11":1,"12":2,"13":2,"14":5,"15":5,"16":1,"17":4,"18":3,"19":3,"20":3,"21":1,"22":2,"23":1,"24":1,"25":1,"26":3,"27":3,"28":3,"29":3,"30":1,"31":2,"32":1,"33":1,"34":1,"35":1,"36":1,"37":2,"38":2,"39":5,"40":5,"41":1,"42":4,"43":3,"44":3,"45":3,"46":1,"47":2,"48":1,"49":1,"50":1,"51":1,"52":4,"53":4},"f":{"0":3,"1":5,"2":3,"3":5},"b":{"0":[6,0],"1":[1,2],"2":[1,4],"3":[1,2],"4":[1,1],"5":[1,0],"6":[1,2],"7":[1,4],"8":[1,2],"9":[1,1]},"inputSourceMap":null,"_coverageSchema":"1a1c01bbd47fc00a2c39e90264f33305004495a9","hash":"92bb646b3b3d0cfc27d8c100fc32661ea181a267"}
,"D:\\Ayu\\Hacktiv8\\Tugas\\phase-3\\Final-project\\server-apollo\\schema\\reactionSchema.mjs": {"path":"D:\\Ayu\\Hacktiv8\\Tugas\\phase-3\\Final-project\\server-apollo\\schema\\reactionSchema.mjs","statementMap":{"0":{"start":{"line":2,"column":0},"end":{"line":4,"column":1}},"1":{"start":{"line":3,"column":2},"end":{"line":3,"column":11}},"2":{"start":{"line":18,"column":4},"end":{"line":18,"column":9}},"3":{"start":{"line":24,"column":32},"end":{"line":31,"column":1}},"4":{"start":{"line":33,"column":33},"end":{"line":90,"column":1}},"5":{"start":{"line":40,"column":6},"end":{"line":61,"column":7}},"6":{"start":{"line":41,"column":8},"end":{"line":41,"column":71}},"7":{"start":{"line":41,"column":40},"end":{"line":41,"column":71}},"8":{"start":{"line":43,"column":21},"end":{"line":43,"column":68}},"9":{"start":{"line":45,"column":46},"end":{"line":45,"column":50}},"10":{"start":{"line":47,"column":25},"end":{"line":52,"column":9}},"11":{"start":{"line":54,"column":28},"end":{"line":54,"column":59}},"12":{"start":{"line":56,"column":24},"end":{"line":56,"column":80}},"13":{"start":{"line":57,"column":8},"end":{"line":57,"column":27}},"14":{"start":{"line":59,"column":8},"end":{"line":59,"column":27}},"15":{"start":{"line":60,"column":8},"end":{"line":60,"column":20}},"16":{"start":{"line":65,"column":6},"end":{"line":87,"column":7}},"17":{"start":{"line":66,"column":8},"end":{"line":66,"column":71}},"18":{"start":{"line":66,"column":40},"end":{"line":66,"column":71}},"19":{"start":{"line":68,"column":21},"end":{"line":68,"column":68}},"20":{"start":{"line":70,"column":31},"end":{"line":70,"column":35}},"21":{"start":{"line":72,"column":29},"end":{"line":72,"column":64}},"22":{"start":{"line":74,"column":8},"end":{"line":74,"column":54}},"23":{"start":{"line":74,"column":27},"end":{"line":74,"column":54}},"24":{"start":{"line":76,"column":8},"end":{"line":76,"column":77}},"25":{"start":{"line":76,"column":44},"end":{"line":76,"column":77}},"26":{"start":{"line":78,"column":28},"end":{"line":80,"column":10}},"27":{"start":{"line":82,"column":24},"end":{"line":82,"column":81}},"28":{"start":{"line":83,"column":8},"end":{"line":83,"column":27}},"29":{"start":{"line":85,"column":8},"end":{"line":85,"column":27}},"30":{"start":{"line":86,"column":8},"end":{"line":86,"column":20}}},"fnMap":{"0":{"name":"(anonymous_0)","decl":{"start":{"line":39,"column":20},"end":{"line":39,"column":21}},"loc":{"start":{"line":39,"column":53},"end":{"line":62,"column":5}},"line":39},"1":{"name":"(anonymous_1)","decl":{"start":{"line":64,"column":20},"end":{"line":64,"column":21}},"loc":{"start":{"line":64,"column":53},"end":{"line":88,"column":5}},"line":64}},"branchMap":{"0":{"loc":{"start":{"line":2,"column":0},"end":{"line":4,"column":1}},"type":"if","locations":[{"start":{"line":2,"column":0},"end":{"line":4,"column":1}},{"start":{},"end":{}}],"line":2},"1":{"loc":{"start":{"line":41,"column":8},"end":{"line":41,"column":71}},"type":"if","locations":[{"start":{"line":41,"column":8},"end":{"line":41,"column":71}},{"start":{},"end":{}}],"line":41},"2":{"loc":{"start":{"line":66,"column":8},"end":{"line":66,"column":71}},"type":"if","locations":[{"start":{"line":66,"column":8},"end":{"line":66,"column":71}},{"start":{},"end":{}}],"line":66},"3":{"loc":{"start":{"line":74,"column":8},"end":{"line":74,"column":54}},"type":"if","locations":[{"start":{"line":74,"column":8},"end":{"line":74,"column":54}},{"start":{},"end":{}}],"line":74},"4":{"loc":{"start":{"line":76,"column":8},"end":{"line":76,"column":77}},"type":"if","locations":[{"start":{"line":76,"column":8},"end":{"line":76,"column":77}},{"start":{},"end":{}}],"line":76}},"s":{"0":6,"1":6,"2":6,"3":6,"4":6,"5":3,"6":3,"7":1,"8":2,"9":1,"10":1,"11":1,"12":1,"13":1,"14":2,"15":2,"16":5,"17":5,"18":1,"19":4,"20":3,"21":3,"22":3,"23":1,"24":2,"25":1,"26":1,"27":1,"28":1,"29":4,"30":4},"f":{"0":3,"1":5},"b":{"0":[6,0],"1":[1,2],"2":[1,4],"3":[1,2],"4":[1,1]},"inputSourceMap":null,"_coverageSchema":"1a1c01bbd47fc00a2c39e90264f33305004495a9","hash":"cf98eba1b8d4150bbaa6d7f1f50b5d8463904550"}
,"D:\\Ayu\\Hacktiv8\\Tugas\\phase-3\\Final-project\\server-apollo\\schema\\recipeSchema.mjs": {"path":"D:\\Ayu\\Hacktiv8\\Tugas\\phase-3\\Final-project\\server-apollo\\schema\\recipeSchema.mjs","statementMap":{"0":{"start":{"line":2,"column":0},"end":{"line":4,"column":1}},"1":{"start":{"line":3,"column":2},"end":{"line":3,"column":11}},"2":{"start":{"line":18,"column":4},"end":{"line":18,"column":9}},"3":{"start":{"line":24,"column":30},"end":{"line":166,"column":1}},"4":{"start":{"line":168,"column":31},"end":{"line":434,"column":1}},"5":{"start":{"line":173,"column":24},"end":{"line":173,"column":28}},"6":{"start":{"line":174,"column":21},"end":{"line":180,"column":8}},"7":{"start":{"line":181,"column":6},"end":{"line":181,"column":20}},"8":{"start":{"line":189,"column":24},"end":{"line":196,"column":8}},"9":{"start":{"line":197,"column":6},"end":{"line":197,"column":23}},"10":{"start":{"line":204,"column":6},"end":{"line":223,"column":7}},"11":{"start":{"line":205,"column":33},"end":{"line":205,"column":37}},"12":{"start":{"line":206,"column":27},"end":{"line":217,"column":10}},"13":{"start":{"line":218,"column":8},"end":{"line":218,"column":52}},"14":{"start":{"line":218,"column":25},"end":{"line":218,"column":52}},"15":{"start":{"line":219,"column":8},"end":{"line":219,"column":26}},"16":{"start":{"line":222,"column":8},"end":{"line":222,"column":20}},"17":{"start":{"line":226,"column":6},"end":{"line":246,"column":7}},"18":{"start":{"line":227,"column":8},"end":{"line":227,"column":71}},"19":{"start":{"line":227,"column":40},"end":{"line":227,"column":71}},"20":{"start":{"line":229,"column":21},"end":{"line":229,"column":68}},"21":{"start":{"line":231,"column":25},"end":{"line":240,"column":10}},"22":{"start":{"line":242,"column":8},"end":{"line":242,"column":24}},"23":{"start":{"line":245,"column":8},"end":{"line":245,"column":20}},"24":{"start":{"line":252,"column":6},"end":{"line":252,"column":35}},"25":{"start":{"line":253,"column":16},"end":{"line":253,"column":45}},"26":{"start":{"line":254,"column":6},"end":{"line":323,"column":7}},"27":{"start":{"line":255,"column":8},"end":{"line":255,"column":71}},"28":{"start":{"line":255,"column":40},"end":{"line":255,"column":71}},"29":{"start":{"line":266,"column":12},"end":{"line":266,"column":26}},"30":{"start":{"line":268,"column":21},"end":{"line":268,"column":68}},"31":{"start":{"line":271,"column":23},"end":{"line":271,"column":47}},"32":{"start":{"line":272,"column":37},"end":{"line":275,"column":10}},"33":{"start":{"line":273,"column":25},"end":{"line":273,"column":47}},"34":{"start":{"line":274,"column":10},"end":{"line":274,"column":39}},"35":{"start":{"line":276,"column":29},"end":{"line":276,"column":68}},"36":{"start":{"line":277,"column":21},"end":{"line":280,"column":10}},"37":{"start":{"line":282,"column":8},"end":{"line":282,"column":56}},"38":{"start":{"line":282,"column":20},"end":{"line":282,"column":56}},"39":{"start":{"line":284,"column":23},"end":{"line":293,"column":9}},"40":{"start":{"line":295,"column":26},"end":{"line":295,"column":73}},"41":{"start":{"line":297,"column":34},"end":{"line":300,"column":11}},"42":{"start":{"line":297,"column":53},"end":{"line":300,"column":9}},"43":{"start":{"line":302,"column":40},"end":{"line":305,"column":11}},"44":{"start":{"line":302,"column":65},"end":{"line":305,"column":9}},"45":{"start":{"line":307,"column":25},"end":{"line":309,"column":10}},"46":{"start":{"line":311,"column":31},"end":{"line":314,"column":9}},"47":{"start":{"line":315,"column":8},"end":{"line":315,"column":25}},"48":{"start":{"line":317,"column":24},"end":{"line":317,"column":44}},"49":{"start":{"line":318,"column":8},"end":{"line":318,"column":27}},"50":{"start":{"line":320,"column":8},"end":{"line":320,"column":27}},"51":{"start":{"line":321,"column":8},"end":{"line":321,"column":27}},"52":{"start":{"line":322,"column":8},"end":{"line":322,"column":20}},"53":{"start":{"line":403,"column":6},"end":{"line":431,"column":7}},"54":{"start":{"line":404,"column":8},"end":{"line":404,"column":71}},"55":{"start":{"line":404,"column":40},"end":{"line":404,"column":71}},"56":{"start":{"line":406,"column":21},"end":{"line":406,"column":68}},"57":{"start":{"line":408,"column":29},"end":{"line":408,"column":33}},"58":{"start":{"line":410,"column":27},"end":{"line":410,"column":58}},"59":{"start":{"line":412,"column":8},"end":{"line":412,"column":52}},"60":{"start":{"line":412,"column":25},"end":{"line":412,"column":52}},"61":{"start":{"line":414,"column":8},"end":{"line":414,"column":75}},"62":{"start":{"line":414,"column":42},"end":{"line":414,"column":75}},"63":{"start":{"line":416,"column":8},"end":{"line":416,"column":62}},"64":{"start":{"line":418,"column":8},"end":{"line":418,"column":68}},"65":{"start":{"line":420,"column":8},"end":{"line":420,"column":65}},"66":{"start":{"line":422,"column":8},"end":{"line":422,"column":66}},"67":{"start":{"line":424,"column":26},"end":{"line":424,"column":75}},"68":{"start":{"line":426,"column":24},"end":{"line":426,"column":77}},"69":{"start":{"line":427,"column":8},"end":{"line":427,"column":27}},"70":{"start":{"line":429,"column":8},"end":{"line":429,"column":27}},"71":{"start":{"line":430,"column":8},"end":{"line":430,"column":20}}},"fnMap":{"0":{"name":"(anonymous_0)","decl":{"start":{"line":171,"column":18},"end":{"line":171,"column":19}},"loc":{"start":{"line":171,"column":37},"end":{"line":186,"column":5}},"line":171},"1":{"name":"(anonymous_1)","decl":{"start":{"line":187,"column":17},"end":{"line":187,"column":18}},"loc":{"start":{"line":187,"column":29},"end":{"line":202,"column":5}},"line":187},"2":{"name":"(anonymous_2)","decl":{"start":{"line":203,"column":16},"end":{"line":203,"column":17}},"loc":{"start":{"line":203,"column":35},"end":{"line":224,"column":5}},"line":203},"3":{"name":"(anonymous_3)","decl":{"start":{"line":225,"column":19},"end":{"line":225,"column":20}},"loc":{"start":{"line":225,"column":52},"end":{"line":247,"column":5}},"line":225},"4":{"name":"(anonymous_4)","decl":{"start":{"line":251,"column":18},"end":{"line":251,"column":19}},"loc":{"start":{"line":251,"column":51},"end":{"line":324,"column":5}},"line":251},"5":{"name":"(anonymous_5)","decl":{"start":{"line":272,"column":48},"end":{"line":272,"column":49}},"loc":{"start":{"line":272,"column":57},"end":{"line":275,"column":9}},"line":272},"6":{"name":"(anonymous_6)","decl":{"start":{"line":297,"column":44},"end":{"line":297,"column":45}},"loc":{"start":{"line":297,"column":53},"end":{"line":300,"column":9}},"line":297},"7":{"name":"(anonymous_7)","decl":{"start":{"line":302,"column":56},"end":{"line":302,"column":57}},"loc":{"start":{"line":302,"column":65},"end":{"line":305,"column":9}},"line":302},"8":{"name":"(anonymous_8)","decl":{"start":{"line":402,"column":18},"end":{"line":402,"column":19}},"loc":{"start":{"line":402,"column":51},"end":{"line":432,"column":5}},"line":402}},"branchMap":{"0":{"loc":{"start":{"line":2,"column":0},"end":{"line":4,"column":1}},"type":"if","locations":[{"start":{"line":2,"column":0},"end":{"line":4,"column":1}},{"start":{},"end":{}}],"line":2},"1":{"loc":{"start":{"line":218,"column":8},"end":{"line":218,"column":52}},"type":"if","locations":[{"start":{"line":218,"column":8},"end":{"line":218,"column":52}},{"start":{},"end":{}}],"line":218},"2":{"loc":{"start":{"line":227,"column":8},"end":{"line":227,"column":71}},"type":"if","locations":[{"start":{"line":227,"column":8},"end":{"line":227,"column":71}},{"start":{},"end":{}}],"line":227},"3":{"loc":{"start":{"line":255,"column":8},"end":{"line":255,"column":71}},"type":"if","locations":[{"start":{"line":255,"column":8},"end":{"line":255,"column":71}},{"start":{},"end":{}}],"line":255},"4":{"loc":{"start":{"line":282,"column":8},"end":{"line":282,"column":56}},"type":"if","locations":[{"start":{"line":282,"column":8},"end":{"line":282,"column":56}},{"start":{},"end":{}}],"line":282},"5":{"loc":{"start":{"line":404,"column":8},"end":{"line":404,"column":71}},"type":"if","locations":[{"start":{"line":404,"column":8},"end":{"line":404,"column":71}},{"start":{},"end":{}}],"line":404},"6":{"loc":{"start":{"line":412,"column":8},"end":{"line":412,"column":52}},"type":"if","locations":[{"start":{"line":412,"column":8},"end":{"line":412,"column":52}},{"start":{},"end":{}}],"line":412},"7":{"loc":{"start":{"line":414,"column":8},"end":{"line":414,"column":75}},"type":"if","locations":[{"start":{"line":414,"column":8},"end":{"line":414,"column":75}},{"start":{},"end":{}}],"line":414}},"s":{"0":6,"1":6,"2":6,"3":6,"4":6,"5":1,"6":1,"7":1,"8":1,"9":1,"10":1,"11":1,"12":1,"13":1,"14":0,"15":1,"16":0,"17":3,"18":3,"19":1,"20":2,"21":1,"22":1,"23":2,"24":3,"25":3,"26":3,"27":3,"28":0,"29":3,"30":3,"31":1,"32":1,"33":1,"34":1,"35":1,"36":1,"37":1,"38":0,"39":1,"40":1,"41":1,"42":1,"43":1,"44":1,"45":1,"46":1,"47":1,"48":1,"49":1,"50":2,"51":2,"52":2,"53":5,"54":5,"55":1,"56":4,"57":3,"58":3,"59":3,"60":1,"61":2,"62":1,"63":1,"64":1,"65":1,"66":1,"67":1,"68":1,"69":1,"70":4,"71":4},"f":{"0":1,"1":1,"2":1,"3":3,"4":3,"5":1,"6":1,"7":1,"8":5},"b":{"0":[6,0],"1":[0,1],"2":[1,2],"3":[0,3],"4":[0,1],"5":[1,4],"6":[1,2],"7":[1,1]},"inputSourceMap":null,"_coverageSchema":"1a1c01bbd47fc00a2c39e90264f33305004495a9","hash":"8316397818d6a5638218e920d65f2a0e7fde04fc"}
,"D:\\Ayu\\Hacktiv8\\Tugas\\phase-3\\Final-project\\server-apollo\\schema\\userSchema.mjs": {"path":"D:\\Ayu\\Hacktiv8\\Tugas\\phase-3\\Final-project\\server-apollo\\schema\\userSchema.mjs","statementMap":{"0":{"start":{"line":2,"column":0},"end":{"line":4,"column":1}},"1":{"start":{"line":3,"column":2},"end":{"line":3,"column":11}},"2":{"start":{"line":18,"column":4},"end":{"line":18,"column":9}},"3":{"start":{"line":25,"column":28},"end":{"line":68,"column":1}},"4":{"start":{"line":70,"column":29},"end":{"line":160,"column":1}},"5":{"start":{"line":74,"column":6},"end":{"line":87,"column":7}},"6":{"start":{"line":75,"column":8},"end":{"line":75,"column":71}},"7":{"start":{"line":75,"column":40},"end":{"line":75,"column":71}},"8":{"start":{"line":77,"column":21},"end":{"line":77,"column":68}},"9":{"start":{"line":78,"column":25},"end":{"line":78,"column":53}},"10":{"start":{"line":80,"column":26},"end":{"line":80,"column":52}},"11":{"start":{"line":81,"column":8},"end":{"line":81,"column":34}},"12":{"start":{"line":82,"column":8},"end":{"line":82,"column":35}},"13":{"start":{"line":83,"column":8},"end":{"line":83,"column":35}},"14":{"start":{"line":84,"column":8},"end":{"line":84,"column":25}},"15":{"start":{"line":86,"column":8},"end":{"line":86,"column":20}},"16":{"start":{"line":93,"column":6},"end":{"line":112,"column":7}},"17":{"start":{"line":94,"column":28},"end":{"line":94,"column":32}},"18":{"start":{"line":96,"column":25},"end":{"line":107,"column":10}},"19":{"start":{"line":108,"column":8},"end":{"line":108,"column":26}},"20":{"start":{"line":109,"column":8},"end":{"line":109,"column":39}},"21":{"start":{"line":111,"column":8},"end":{"line":111,"column":20}},"22":{"start":{"line":115,"column":6},"end":{"line":128,"column":7}},"23":{"start":{"line":116,"column":59},"end":{"line":116,"column":71}},"24":{"start":{"line":117,"column":21},"end":{"line":122,"column":10}},"25":{"start":{"line":123,"column":24},"end":{"line":123,"column":72}},"26":{"start":{"line":124,"column":8},"end":{"line":124,"column":27}},"27":{"start":{"line":127,"column":8},"end":{"line":127,"column":20}},"28":{"start":{"line":131,"column":6},"end":{"line":157,"column":7}},"29":{"start":{"line":132,"column":36},"end":{"line":132,"column":40}},"30":{"start":{"line":133,"column":8},"end":{"line":135,"column":9}},"31":{"start":{"line":134,"column":10},"end":{"line":134,"column":46}},"32":{"start":{"line":136,"column":8},"end":{"line":138,"column":9}},"33":{"start":{"line":137,"column":10},"end":{"line":137,"column":49}},"34":{"start":{"line":139,"column":25},"end":{"line":139,"column":65}},"35":{"start":{"line":140,"column":8},"end":{"line":142,"column":9}},"36":{"start":{"line":141,"column":10},"end":{"line":141,"column":51}},"37":{"start":{"line":143,"column":30},"end":{"line":143,"column":74}},"38":{"start":{"line":144,"column":8},"end":{"line":146,"column":9}},"39":{"start":{"line":145,"column":10},"end":{"line":145,"column":51}},"40":{"start":{"line":147,"column":24},"end":{"line":149,"column":9}},"41":{"start":{"line":151,"column":29},"end":{"line":151,"column":49}},"42":{"start":{"line":153,"column":8},"end":{"line":153,"column":32}},"43":{"start":{"line":155,"column":8},"end":{"line":155,"column":27}},"44":{"start":{"line":156,"column":8},"end":{"line":156,"column":20}}},"fnMap":{"0":{"name":"(anonymous_0)","decl":{"start":{"line":73,"column":13},"end":{"line":73,"column":14}},"loc":{"start":{"line":73,"column":46},"end":{"line":88,"column":5}},"line":73},"1":{"name":"(anonymous_1)","decl":{"start":{"line":92,"column":11},"end":{"line":92,"column":12}},"loc":{"start":{"line":92,"column":30},"end":{"line":113,"column":5}},"line":92},"2":{"name":"(anonymous_2)","decl":{"start":{"line":114,"column":14},"end":{"line":114,"column":15}},"loc":{"start":{"line":114,"column":33},"end":{"line":129,"column":5}},"line":114},"3":{"name":"(anonymous_3)","decl":{"start":{"line":130,"column":11},"end":{"line":130,"column":12}},"loc":{"start":{"line":130,"column":30},"end":{"line":158,"column":5}},"line":130}},"branchMap":{"0":{"loc":{"start":{"line":2,"column":0},"end":{"line":4,"column":1}},"type":"if","locations":[{"start":{"line":2,"column":0},"end":{"line":4,"column":1}},{"start":{},"end":{}}],"line":2},"1":{"loc":{"start":{"line":75,"column":8},"end":{"line":75,"column":71}},"type":"if","locations":[{"start":{"line":75,"column":8},"end":{"line":75,"column":71}},{"start":{},"end":{}}],"line":75},"2":{"loc":{"start":{"line":133,"column":8},"end":{"line":135,"column":9}},"type":"if","locations":[{"start":{"line":133,"column":8},"end":{"line":135,"column":9}},{"start":{},"end":{}}],"line":133},"3":{"loc":{"start":{"line":136,"column":8},"end":{"line":138,"column":9}},"type":"if","locations":[{"start":{"line":136,"column":8},"end":{"line":138,"column":9}},{"start":{},"end":{}}],"line":136},"4":{"loc":{"start":{"line":140,"column":8},"end":{"line":142,"column":9}},"type":"if","locations":[{"start":{"line":140,"column":8},"end":{"line":142,"column":9}},{"start":{},"end":{}}],"line":140},"5":{"loc":{"start":{"line":144,"column":8},"end":{"line":146,"column":9}},"type":"if","locations":[{"start":{"line":144,"column":8},"end":{"line":146,"column":9}},{"start":{},"end":{}}],"line":144}},"s":{"0":6,"1":6,"2":6,"3":6,"4":6,"5":3,"6":3,"7":1,"8":2,"9":1,"10":1,"11":1,"12":1,"13":1,"14":1,"15":2,"16":2,"17":2,"18":2,"19":1,"20":1,"21":1,"22":5,"23":5,"24":5,"25":1,"26":1,"27":4,"28":5,"29":5,"30":5,"31":1,"32":4,"33":1,"34":3,"35":3,"36":1,"37":2,"38":2,"39":1,"40":1,"41":1,"42":1,"43":4,"44":4},"f":{"0":3,"1":2,"2":5,"3":5},"b":{"0":[6,0],"1":[1,2],"2":[1,4],"3":[1,3],"4":[1,2],"5":[1,1]},"inputSourceMap":null,"_coverageSchema":"1a1c01bbd47fc00a2c39e90264f33305004495a9","hash":"a456a3e3896e0e0c737cc007b8429a0fd9139f7b"}
}
