TN:
SF:config\config.js
FNF:0
FNH:0
LF:0
LH:0
BRF:0
BRH:0
end_of_record
TN:
SF:config\server.mjs
FN:22,initServer
FN:54,(anonymous_1)
FN:68,(anonymous_2)
FNF:3
FNH:3
FNDA:6,initServer
FNDA:56,(anonymous_1)
FNDA:6,(anonymous_2)
DA:23,6
DA:24,6
DA:25,6
DA:27,6
DA:46,6
DA:48,6
DA:56,56
DA:57,56
DA:58,56
DA:60,0
DA:61,0
DA:68,6
DA:69,6
DA:70,6
DA:75,0
LF:15
LH:12
BRDA:22,0,0,0
BRF:1
BRH:0
end_of_record
TN:
SF:data\data.js
FNF:0
FNH:0
LF:0
LH:0
BRF:0
BRH:0
end_of_record
TN:
SF:helpers\bcrypt.js
FN:4,(anonymous_0)
FN:5,(anonymous_1)
FNF:2
FNH:1
FNDA:14,(anonymous_0)
FNDA:0,(anonymous_1)
DA:2,6
DA:4,14
DA:5,6
LF:3
LH:3
BRF:0
BRH:0
end_of_record
TN:
SF:helpers\imageUpload.js
FNF:0
FNH:0
DA:3,6
DA:6,6
LF:2
LH:2
BRF:0
BRH:0
end_of_record
TN:
SF:helpers\jwt.js
FN:6,(anonymous_0)
FN:7,(anonymous_1)
FNF:2
FNH:2
FNDA:21,(anonymous_0)
FNDA:32,(anonymous_1)
DA:2,6
DA:4,6
DA:6,21
DA:7,32
LF:4
LH:4
BRF:0
BRH:0
end_of_record
TN:
SF:helpers\streamToBuffer.js
FN:1,stream2buffer
FN:2,(anonymous_1)
FN:4,(anonymous_2)
FN:5,(anonymous_3)
FN:6,(anonymous_4)
FNF:5
FNH:4
FNDA:1,stream2buffer
FNDA:1,(anonymous_1)
FNDA:14,(anonymous_2)
FNDA:1,(anonymous_3)
FNDA:0,(anonymous_4)
DA:2,1
DA:3,1
DA:4,14
DA:5,1
DA:6,1
LF:5
LH:5
BRF:0
BRH:0
end_of_record
TN:
SF:middlewares\authentication.js
FN:5,authentication
FNF:1
FNH:1
FNDA:32,authentication
DA:3,6
DA:6,32
DA:8,21
DA:9,21
DA:10,21
DA:14,21
LF:6
LH:6
BRDA:9,0,0,0
BRDA:9,0,1,21
BRF:2
BRH:1
end_of_record
TN:
SF:models\comment.js
FN:3,(anonymous_0)
FN:10,(anonymous_1)
FNF:2
FNH:2
FNDA:6,(anonymous_0)
FNDA:6,(anonymous_1)
DA:12,6
DA:13,6
DA:16,6
DA:45,6
LF:4
LH:4
BRF:0
BRH:0
end_of_record
TN:
SF:models\favorite.js
FN:3,(anonymous_0)
FN:10,(anonymous_1)
FNF:2
FNH:2
FNDA:6,(anonymous_0)
FNDA:6,(anonymous_1)
DA:12,6
DA:13,6
DA:16,6
DA:32,6
LF:4
LH:4
BRF:0
BRH:0
end_of_record
TN:
SF:models\index.js
FN:37,(anonymous_0)
FNF:1
FNH:1
FNDA:42,(anonymous_0)
DA:3,6
DA:12,6
DA:13,6
DA:16,6
DA:17,0
DA:19,6
DA:22,6
DA:23,6
DA:24,6
DA:25,6
DA:26,6
DA:27,6
DA:28,6
DA:29,6
DA:30,6
DA:31,6
DA:32,6
DA:33,6
DA:34,6
DA:35,6
DA:37,6
DA:38,42
DA:39,42
DA:43,6
DA:44,6
LF:25
LH:24
BRDA:3,0,0,6
BRDA:3,0,1,0
BRDA:16,1,0,0
BRDA:16,1,1,6
BRDA:38,2,0,42
BRDA:38,2,1,0
BRF:6
BRH:3
end_of_record
TN:
SF:models\ingredient.js
FN:3,(anonymous_0)
FN:10,(anonymous_1)
FNF:2
FNH:2
FNDA:6,(anonymous_0)
FNDA:6,(anonymous_1)
DA:12,6
DA:15,6
DA:31,6
LF:3
LH:3
BRF:0
BRH:0
end_of_record
TN:
SF:models\reaction.js
FN:3,(anonymous_0)
FN:10,(anonymous_1)
FNF:2
FNH:2
FNDA:6,(anonymous_0)
FNDA:6,(anonymous_1)
DA:12,6
DA:13,6
DA:16,6
DA:34,6
LF:4
LH:4
BRF:0
BRH:0
end_of_record
TN:
SF:models\recipe.js
FN:3,(anonymous_0)
FN:10,(anonymous_1)
FNF:2
FNH:2
FNDA:6,(anonymous_0)
FNDA:6,(anonymous_1)
DA:12,6
DA:13,6
DA:14,6
DA:15,6
DA:16,6
DA:17,6
DA:20,6
DA:53,6
LF:8
LH:8
BRF:0
BRH:0
end_of_record
TN:
SF:models\step.js
FN:3,(anonymous_0)
FN:10,(anonymous_1)
FNF:2
FNH:2
FNDA:6,(anonymous_0)
FNDA:6,(anonymous_1)
DA:12,6
DA:15,6
DA:32,6
LF:3
LH:3
BRF:0
BRH:0
end_of_record
TN:
SF:models\user.js
FN:4,(anonymous_0)
FN:11,(anonymous_1)
FN:68,(anonymous_2)
FNF:3
FNH:3
FNDA:6,(anonymous_0)
FNDA:6,(anonymous_1)
FNDA:14,(anonymous_2)
DA:13,6
DA:14,6
DA:15,6
DA:16,6
DA:19,6
DA:69,14
DA:74,6
LF:7
LH:7
BRF:0
BRH:0
end_of_record
TN:
SF:schema\commentSchema.mjs
FN:47,(anonymous_0)
FN:71,(anonymous_1)
FNF:2
FNH:2
FNDA:3,(anonymous_0)
FNDA:5,(anonymous_1)
DA:2,6
DA:3,6
DA:18,6
DA:24,6
DA:41,6
DA:48,3
DA:49,3
DA:51,2
DA:53,1
DA:55,1
DA:61,1
DA:63,1
DA:64,1
DA:66,2
DA:67,2
DA:72,5
DA:73,5
DA:75,4
DA:77,3
DA:79,3
DA:81,3
DA:83,2
DA:85,1
DA:87,1
DA:88,1
DA:90,4
DA:91,4
LF:27
LH:27
BRDA:2,0,0,6
BRDA:2,0,1,0
BRDA:49,1,0,1
BRDA:49,1,1,2
BRDA:73,2,0,1
BRDA:73,2,1,4
BRDA:81,3,0,1
BRDA:81,3,1,2
BRDA:83,4,0,1
BRDA:83,4,1,1
BRF:10
BRH:9
end_of_record
TN:
SF:schema\favoriteSchema.mjs
FN:68,(anonymous_0)
FN:93,(anonymous_1)
FN:119,(anonymous_2)
FN:140,(anonymous_3)
FNF:4
FNH:4
FNDA:3,(anonymous_0)
FNDA:5,(anonymous_1)
FNDA:3,(anonymous_2)
FNDA:5,(anonymous_3)
DA:2,6
DA:3,6
DA:18,6
DA:24,6
DA:65,6
DA:69,3
DA:70,3
DA:71,2
DA:73,2
DA:75,1
DA:86,1
DA:88,2
DA:89,2
DA:94,5
DA:95,5
DA:97,4
DA:99,3
DA:101,3
DA:103,3
DA:105,2
DA:106,1
DA:107,1
DA:108,1
DA:111,3
DA:112,3
DA:120,3
DA:121,3
DA:123,2
DA:125,1
DA:126,1
DA:130,1
DA:132,1
DA:133,1
DA:135,2
DA:136,2
DA:141,5
DA:142,5
DA:144,4
DA:146,3
DA:147,3
DA:149,3
DA:151,2
DA:153,1
DA:157,1
DA:158,1
DA:160,4
DA:161,4
LF:47
LH:47
BRDA:2,0,0,6
BRDA:2,0,1,0
BRDA:70,1,0,1
BRDA:70,1,1,2
BRDA:95,2,0,1
BRDA:95,2,1,4
BRDA:103,3,0,1
BRDA:103,3,1,2
BRDA:105,4,0,1
BRDA:105,4,1,1
BRDA:107,5,0,1
BRDA:107,5,1,0
BRDA:121,6,0,1
BRDA:121,6,1,2
BRDA:142,7,0,1
BRDA:142,7,1,4
BRDA:149,8,0,1
BRDA:149,8,1,2
BRDA:151,9,0,1
BRDA:151,9,1,1
BRF:20
BRH:18
end_of_record
TN:
SF:schema\reactionSchema.mjs
FN:39,(anonymous_0)
FN:64,(anonymous_1)
FNF:2
FNH:2
FNDA:3,(anonymous_0)
FNDA:5,(anonymous_1)
DA:2,6
DA:3,6
DA:18,6
DA:24,6
DA:33,6
DA:40,3
DA:41,3
DA:43,2
DA:45,1
DA:47,1
DA:54,1
DA:56,1
DA:57,1
DA:59,2
DA:60,2
DA:65,5
DA:66,5
DA:68,4
DA:70,3
DA:72,3
DA:74,3
DA:76,2
DA:78,1
DA:82,1
DA:83,1
DA:85,4
DA:86,4
LF:27
LH:27
BRDA:2,0,0,6
BRDA:2,0,1,0
BRDA:41,1,0,1
BRDA:41,1,1,2
BRDA:66,2,0,1
BRDA:66,2,1,4
BRDA:74,3,0,1
BRDA:74,3,1,2
BRDA:76,4,0,1
BRDA:76,4,1,1
BRF:10
BRH:9
end_of_record
TN:
SF:schema\recipeSchema.mjs
FN:170,(anonymous_0)
FN:186,(anonymous_1)
FN:204,(anonymous_2)
FN:230,(anonymous_3)
FN:256,(anonymous_4)
FN:277,(anonymous_5)
FN:302,(anonymous_6)
FN:307,(anonymous_7)
FN:330,(anonymous_8)
FNF:9
FNH:9
FNDA:1,(anonymous_0)
FNDA:1,(anonymous_1)
FNDA:1,(anonymous_2)
FNDA:3,(anonymous_3)
FNDA:2,(anonymous_4)
FNDA:1,(anonymous_5)
FNDA:1,(anonymous_6)
FNDA:1,(anonymous_7)
FNDA:5,(anonymous_8)
DA:2,6
DA:3,6
DA:18,6
DA:24,6
DA:167,6
DA:171,1
DA:172,1
DA:173,1
DA:180,1
DA:183,0
DA:187,1
DA:188,1
DA:198,1
DA:201,0
DA:205,1
DA:206,1
DA:207,1
DA:219,1
DA:220,1
DA:223,0
DA:224,0
DA:226,0
DA:231,3
DA:232,3
DA:234,2
DA:236,1
DA:247,1
DA:250,2
DA:257,2
DA:258,2
DA:259,2
DA:260,2
DA:271,2
DA:273,2
DA:276,1
DA:277,1
DA:278,1
DA:279,1
DA:281,1
DA:282,1
DA:287,1
DA:289,1
DA:300,1
DA:302,1
DA:307,1
DA:312,1
DA:316,1
DA:320,1
DA:322,1
DA:323,1
DA:325,1
DA:326,1
DA:327,1
DA:331,5
DA:332,5
DA:334,4
DA:336,3
DA:338,3
DA:340,3
DA:342,2
DA:344,1
DA:346,1
DA:348,1
DA:350,1
DA:352,1
DA:354,1
DA:355,1
DA:357,4
DA:358,4
LF:69
LH:64
BRDA:2,0,0,6
BRDA:2,0,1,0
BRDA:219,1,0,0
BRDA:219,1,1,1
BRDA:223,2,0,0
BRDA:223,2,1,0
BRDA:232,3,0,1
BRDA:232,3,1,2
BRDA:260,4,0,0
BRDA:260,4,1,2
BRDA:287,5,0,0
BRDA:287,5,1,1
BRDA:332,6,0,1
BRDA:332,6,1,4
BRDA:340,7,0,1
BRDA:340,7,1,2
BRDA:342,8,0,1
BRDA:342,8,1,1
BRF:18
BRH:12
end_of_record
TN:
SF:schema\userSchema.mjs
FN:74,(anonymous_0)
FN:95,(anonymous_1)
FN:116,(anonymous_2)
FN:132,(anonymous_3)
FNF:4
FNH:1
FNDA:0,(anonymous_0)
FNDA:0,(anonymous_1)
FNDA:5,(anonymous_2)
FNDA:0,(anonymous_3)
DA:2,6
DA:3,6
DA:18,6
DA:25,6
DA:70,6
DA:75,0
DA:76,0
DA:78,0
DA:79,0
DA:80,0
DA:81,0
DA:83,0
DA:84,0
DA:85,0
DA:86,0
DA:87,0
DA:89,0
DA:96,0
DA:97,0
DA:99,0
DA:110,0
DA:111,0
DA:113,0
DA:117,5
DA:118,5
DA:119,5
DA:125,1
DA:126,1
DA:129,4
DA:133,0
DA:134,0
DA:135,0
DA:136,0
DA:138,0
DA:139,0
DA:141,0
DA:142,0
DA:143,0
DA:145,0
DA:146,0
DA:147,0
DA:149,0
DA:153,0
DA:155,0
DA:157,0
DA:158,0
LF:46
LH:11
BRDA:2,0,0,6
BRDA:2,0,1,0
BRDA:76,1,0,0
BRDA:76,1,1,0
BRDA:80,2,0,0
BRDA:80,2,1,0
BRDA:135,3,0,0
BRDA:135,3,1,0
BRDA:138,4,0,0
BRDA:138,4,1,0
BRDA:142,5,0,0
BRDA:142,5,1,0
BRDA:146,6,0,0
BRDA:146,6,1,0
BRF:14
BRH:1
end_of_record
