TN:
SF:config\config.js
FNF:0
FNH:0
LF:0
LH:0
BRF:0
BRH:0
end_of_record
TN:
SF:config\server.mjs
FN:22,initServer
FN:54,(anonymous_1)
FN:68,(anonymous_2)
FNF:3
FNH:3
FNDA:1,initServer
FNDA:5,(anonymous_1)
FNDA:1,(anonymous_2)
DA:23,1
DA:24,1
DA:25,1
DA:27,1
DA:46,1
DA:48,1
DA:56,5
DA:57,5
DA:58,5
DA:60,0
DA:61,0
DA:68,1
DA:69,1
DA:70,1
DA:75,0
LF:15
LH:12
BRDA:22,0,0,0
BRF:1
BRH:0
end_of_record
TN:
SF:helpers\bcrypt.js
FN:4,(anonymous_0)
FN:5,(anonymous_1)
FNF:2
FNH:1
FNDA:4,(anonymous_0)
FNDA:0,(anonymous_1)
DA:2,1
DA:4,4
DA:5,1
LF:3
LH:3
BRF:0
BRH:0
end_of_record
TN:
SF:helpers\imageUpload.js
FNF:0
FNH:0
DA:3,1
DA:6,1
LF:2
LH:2
BRF:0
BRH:0
end_of_record
TN:
SF:helpers\jwt.js
FN:6,(anonymous_0)
FN:7,(anonymous_1)
FNF:2
FNH:0
FNDA:0,(anonymous_0)
FNDA:0,(anonymous_1)
DA:2,1
DA:4,1
DA:6,1
DA:7,1
LF:4
LH:4
BRF:0
BRH:0
end_of_record
TN:
SF:helpers\streamToBuffer.js
FN:1,stream2buffer
FN:2,(anonymous_1)
FN:4,(anonymous_2)
FN:5,(anonymous_3)
FN:6,(anonymous_4)
FNF:5
FNH:0
FNDA:0,stream2buffer
FNDA:0,(anonymous_1)
FNDA:0,(anonymous_2)
FNDA:0,(anonymous_3)
FNDA:0,(anonymous_4)
DA:2,0
DA:3,0
DA:4,0
DA:5,0
DA:6,0
LF:5
LH:0
BRF:0
BRH:0
end_of_record
TN:
SF:middlewares\authentication.js
FN:5,authentication
FNF:1
FNH:0
FNDA:0,authentication
DA:3,1
DA:6,0
DA:7,0
DA:8,0
DA:9,0
DA:13,0
LF:6
LH:1
BRDA:8,0,0,0
BRDA:8,0,1,0
BRF:2
BRH:0
end_of_record
TN:
SF:models\comment.js
FN:3,(anonymous_0)
FN:10,(anonymous_1)
FNF:2
FNH:2
FNDA:1,(anonymous_0)
FNDA:1,(anonymous_1)
DA:12,1
DA:13,1
DA:16,1
DA:45,1
LF:4
LH:4
BRF:0
BRH:0
end_of_record
TN:
SF:models\favorite.js
FN:3,(anonymous_0)
FN:10,(anonymous_1)
FNF:2
FNH:2
FNDA:1,(anonymous_0)
FNDA:1,(anonymous_1)
DA:12,1
DA:13,1
DA:16,1
DA:32,1
LF:4
LH:4
BRF:0
BRH:0
end_of_record
TN:
SF:models\index.js
FN:37,(anonymous_0)
FNF:1
FNH:1
FNDA:7,(anonymous_0)
DA:3,1
DA:12,1
DA:13,1
DA:16,1
DA:17,0
DA:19,1
DA:22,1
DA:23,1
DA:24,1
DA:25,1
DA:26,1
DA:27,1
DA:28,1
DA:29,1
DA:30,1
DA:31,1
DA:32,1
DA:33,1
DA:34,1
DA:35,1
DA:37,1
DA:38,7
DA:39,7
DA:43,1
DA:44,1
LF:25
LH:24
BRDA:3,0,0,1
BRDA:3,0,1,0
BRDA:16,1,0,0
BRDA:16,1,1,1
BRDA:38,2,0,7
BRDA:38,2,1,0
BRF:6
BRH:3
end_of_record
TN:
SF:models\ingredient.js
FN:3,(anonymous_0)
FN:10,(anonymous_1)
FNF:2
FNH:2
FNDA:1,(anonymous_0)
FNDA:1,(anonymous_1)
DA:12,1
DA:15,1
DA:31,1
LF:3
LH:3
BRF:0
BRH:0
end_of_record
TN:
SF:models\reaction.js
FN:3,(anonymous_0)
FN:10,(anonymous_1)
FNF:2
FNH:2
FNDA:1,(anonymous_0)
FNDA:1,(anonymous_1)
DA:12,1
DA:13,1
DA:16,1
DA:34,1
LF:4
LH:4
BRF:0
BRH:0
end_of_record
TN:
SF:models\recipe.js
FN:3,(anonymous_0)
FN:10,(anonymous_1)
FNF:2
FNH:2
FNDA:1,(anonymous_0)
FNDA:1,(anonymous_1)
DA:12,1
DA:13,1
DA:14,1
DA:15,1
DA:16,1
DA:17,1
DA:20,1
DA:53,1
LF:8
LH:8
BRF:0
BRH:0
end_of_record
TN:
SF:models\step.js
FN:3,(anonymous_0)
FN:10,(anonymous_1)
FNF:2
FNH:2
FNDA:1,(anonymous_0)
FNDA:1,(anonymous_1)
DA:12,1
DA:15,1
DA:32,1
LF:3
LH:3
BRF:0
BRH:0
end_of_record
TN:
SF:models\user.js
FN:4,(anonymous_0)
FN:11,(anonymous_1)
FN:68,(anonymous_2)
FNF:3
FNH:3
FNDA:1,(anonymous_0)
FNDA:1,(anonymous_1)
FNDA:4,(anonymous_2)
DA:13,1
DA:14,1
DA:15,1
DA:16,1
DA:19,1
DA:69,4
DA:74,1
LF:7
LH:7
BRF:0
BRH:0
end_of_record
TN:
SF:schema\commentSchema.mjs
FN:47,(anonymous_0)
FN:71,(anonymous_1)
FNF:2
FNH:0
FNDA:0,(anonymous_0)
FNDA:0,(anonymous_1)
DA:2,1
DA:3,1
DA:18,1
DA:24,1
DA:41,1
DA:48,0
DA:49,0
DA:51,0
DA:53,0
DA:55,0
DA:61,0
DA:63,0
DA:64,0
DA:66,0
DA:67,0
DA:72,0
DA:73,0
DA:75,0
DA:77,0
DA:79,0
DA:81,0
DA:83,0
DA:85,0
DA:87,0
DA:88,0
DA:90,0
DA:91,0
LF:27
LH:5
BRDA:2,0,0,1
BRDA:2,0,1,0
BRDA:49,1,0,0
BRDA:49,1,1,0
BRDA:73,2,0,0
BRDA:73,2,1,0
BRDA:81,3,0,0
BRDA:81,3,1,0
BRDA:83,4,0,0
BRDA:83,4,1,0
BRF:10
BRH:1
end_of_record
TN:
SF:schema\favoriteSchema.mjs
FN:68,(anonymous_0)
FN:92,(anonymous_1)
FN:116,(anonymous_2)
FN:137,(anonymous_3)
FNF:4
FNH:0
FNDA:0,(anonymous_0)
FNDA:0,(anonymous_1)
FNDA:0,(anonymous_2)
FNDA:0,(anonymous_3)
DA:2,1
DA:3,1
DA:18,1
DA:24,1
DA:65,1
DA:69,0
DA:70,0
DA:72,0
DA:74,0
DA:85,0
DA:87,0
DA:88,0
DA:93,0
DA:94,0
DA:96,0
DA:98,0
DA:100,0
DA:102,0
DA:103,0
DA:104,0
DA:105,0
DA:108,0
DA:109,0
DA:117,0
DA:118,0
DA:120,0
DA:122,0
DA:123,0
DA:127,0
DA:129,0
DA:130,0
DA:132,0
DA:133,0
DA:138,0
DA:139,0
DA:141,0
DA:143,0
DA:144,0
DA:146,0
DA:148,0
DA:150,0
DA:154,0
DA:155,0
DA:157,0
DA:158,0
LF:45
LH:5
BRDA:2,0,0,1
BRDA:2,0,1,0
BRDA:70,1,0,0
BRDA:70,1,1,0
BRDA:94,2,0,0
BRDA:94,2,1,0
BRDA:102,3,0,0
BRDA:102,3,1,0
BRDA:104,4,0,0
BRDA:104,4,1,0
BRDA:118,5,0,0
BRDA:118,5,1,0
BRDA:139,6,0,0
BRDA:139,6,1,0
BRDA:146,7,0,0
BRDA:146,7,1,0
BRDA:148,8,0,0
BRDA:148,8,1,0
BRF:18
BRH:1
end_of_record
TN:
SF:schema\reactionSchema.mjs
FN:39,(anonymous_0)
FN:64,(anonymous_1)
FNF:2
FNH:0
FNDA:0,(anonymous_0)
FNDA:0,(anonymous_1)
DA:2,1
DA:3,1
DA:18,1
DA:24,1
DA:33,1
DA:40,0
DA:41,0
DA:43,0
DA:45,0
DA:47,0
DA:54,0
DA:56,0
DA:57,0
DA:59,0
DA:60,0
DA:65,0
DA:66,0
DA:68,0
DA:70,0
DA:72,0
DA:74,0
DA:76,0
DA:78,0
DA:82,0
DA:83,0
DA:85,0
DA:86,0
LF:27
LH:5
BRDA:2,0,0,1
BRDA:2,0,1,0
BRDA:41,1,0,0
BRDA:41,1,1,0
BRDA:66,2,0,0
BRDA:66,2,1,0
BRDA:74,3,0,0
BRDA:74,3,1,0
BRDA:76,4,0,0
BRDA:76,4,1,0
BRF:10
BRH:1
end_of_record
TN:
SF:schema\recipeSchema.mjs
FN:170,(anonymous_0)
FN:185,(anonymous_1)
FN:200,(anonymous_2)
FN:226,(anonymous_3)
FN:252,(anonymous_4)
FN:273,(anonymous_5)
FN:298,(anonymous_6)
FN:303,(anonymous_7)
FN:326,(anonymous_8)
FNF:9
FNH:0
FNDA:0,(anonymous_0)
FNDA:0,(anonymous_1)
FNDA:0,(anonymous_2)
FNDA:0,(anonymous_3)
FNDA:0,(anonymous_4)
FNDA:0,(anonymous_5)
FNDA:0,(anonymous_6)
FNDA:0,(anonymous_7)
FNDA:0,(anonymous_8)
DA:2,1
DA:3,1
DA:18,1
DA:24,1
DA:167,1
DA:171,0
DA:172,0
DA:173,0
DA:180,0
DA:182,0
DA:186,0
DA:187,0
DA:194,0
DA:196,0
DA:197,0
DA:201,0
DA:202,0
DA:203,0
DA:215,0
DA:216,0
DA:218,0
DA:219,0
DA:220,0
DA:222,0
DA:227,0
DA:228,0
DA:230,0
DA:232,0
DA:243,0
DA:245,0
DA:246,0
DA:253,0
DA:254,0
DA:255,0
DA:256,0
DA:267,0
DA:269,0
DA:272,0
DA:273,0
DA:274,0
DA:275,0
DA:277,0
DA:278,0
DA:283,0
DA:285,0
DA:296,0
DA:298,0
DA:303,0
DA:308,0
DA:312,0
DA:316,0
DA:318,0
DA:319,0
DA:321,0
DA:322,0
DA:323,0
DA:327,0
DA:328,0
DA:330,0
DA:332,0
DA:334,0
DA:336,0
DA:338,0
DA:340,0
DA:342,0
DA:344,0
DA:346,0
DA:347,0
DA:349,0
DA:350,0
LF:70
LH:5
BRDA:2,0,0,1
BRDA:2,0,1,0
BRDA:215,1,0,0
BRDA:215,1,1,0
BRDA:219,2,0,0
BRDA:219,2,1,0
BRDA:228,3,0,0
BRDA:228,3,1,0
BRDA:256,4,0,0
BRDA:256,4,1,0
BRDA:283,5,0,0
BRDA:283,5,1,0
BRDA:328,6,0,0
BRDA:328,6,1,0
BRDA:336,7,0,0
BRDA:336,7,1,0
BRDA:338,8,0,0
BRDA:338,8,1,0
BRF:18
BRH:1
end_of_record
TN:
SF:schema\userSchema.mjs
FN:65,(anonymous_0)
FN:97,(anonymous_1)
FNF:2
FNH:1
FNDA:0,(anonymous_0)
FNDA:5,(anonymous_1)
DA:2,1
DA:3,1
DA:18,1
DA:24,1
DA:62,1
DA:66,0
DA:67,0
DA:68,0
DA:69,0
DA:71,0
DA:72,0
DA:74,0
DA:75,0
DA:76,0
DA:78,0
DA:79,0
DA:80,0
DA:82,0
DA:86,0
DA:88,0
DA:90,0
DA:91,0
DA:98,5
DA:99,5
DA:100,5
DA:106,1
DA:107,1
DA:110,4
LF:28
LH:11
BRDA:2,0,0,1
BRDA:2,0,1,0
BRDA:68,1,0,0
BRDA:68,1,1,0
BRDA:71,2,0,0
BRDA:71,2,1,0
BRDA:75,3,0,0
BRDA:75,3,1,0
BRDA:79,4,0,0
BRDA:79,4,1,0
BRF:10
BRH:1
end_of_record
